#-----------------------------------------------------------
# Vivado v2019.1 (64-bit)
# SW Build 2552052 on Fri May 24 14:49:42 MDT 2019
# IP Build 2548770 on Fri May 24 18:01:18 MDT 2019
# Start of session at: Sun Nov  6 08:37:05 2022
# Process ID: 24508
# Current directory: X:/EC551/Labs/Lab1/Final Copy/EC551_Labs/Lab2/Keyboard Demo/Keyboard_Demo
# Command line: vivado.exe -gui_launcher_event rodinguilauncherevent19680 X:\EC551\Labs\Lab1\Final Copy\EC551_Labs\Lab2\Keyboard Demo\Keyboard_Demo\Keyboard_Demo.xpr
# Log file: X:/EC551/Labs/Lab1/Final Copy/EC551_Labs/Lab2/Keyboard Demo/Keyboard_Demo/vivado.log
# Journal file: X:/EC551/Labs/Lab1/Final Copy/EC551_Labs/Lab2/Keyboard Demo/Keyboard_Demo\vivado.jou
#-----------------------------------------------------------
start_gui
open_project {X:/EC551/Labs/Lab1/Final Copy/EC551_Labs/Lab2/Keyboard Demo/Keyboard_Demo/Keyboard_Demo.xpr}
INFO: [Project 1-313] Project file moved from 'X:/EC551/Labs/Lab2/Keyboard Demo/Keyboard_Demo' since last save.
Scanning sources...
Finished scanning sources
WARNING: [filemgmt 56-3] IP Repository Path: Could not find the directory 'D:/WorkBORI/keyboard/Nexys-A7/hw/repo'.
INFO: [IP_Flow 19-234] Refreshing IP repositories
WARNING: [IP_Flow 19-2248] Failed to load user IP repository 'd:/WorkBORI/keyboard/Nexys-A7/hw/repo'; Can't find the specified path.
If this directory should no longer be in your list of user repositories, go to the IP Settings dialog and remove it.
INFO: [IP_Flow 19-2313] Loaded Vivado IP repository 'C:/Xilinx/Vivado/2019.1/data/ip'.
open_project: Time (s): cpu = 00:00:13 ; elapsed = 00:00:06 . Memory (MB): peak = 1096.746 ; gain = 130.293
update_compile_order -fileset sources_1
open_hw
connect_hw_server
INFO: [Labtools 27-2285] Connecting to hw_server url TCP:localhost:3121
INFO: [Labtools 27-2222] Launching hw_server...
INFO: [Labtools 27-2221] Launch Output:

****** Xilinx hw_server v2019.1
  **** Build date : May 24 2019 at 15:13:31
    ** Copyright 1986-2019 Xilinx, Inc. All Rights Reserved.


open_hw_target
INFO: [Labtoolstcl 44-466] Opening hw_target localhost:3121/xilinx_tcf/Digilent/210292ABF909A
set_property PROGRAM.FILE {X:/EC551/Labs/Lab1/Final Copy/EC551_Labs/Lab2/Keyboard Demo/Keyboard_Demo/Keyboard_Demo.runs/impl_1/top.bit} [get_hw_devices xc7a100t_0]
current_hw_device [get_hw_devices xc7a100t_0]
refresh_hw_device -update_hw_probes false [lindex [get_hw_devices xc7a100t_0] 0]
INFO: [Labtools 27-1434] Device xc7a100t (JTAG device index = 0) is programmed with a design that has no supported debug core(s) in it.
set_property PROBES.FILE {} [get_hw_devices xc7a100t_0]
set_property FULL_PROBES.FILE {} [get_hw_devices xc7a100t_0]
set_property PROGRAM.FILE {X:/EC551/Labs/Lab1/Final Copy/EC551_Labs/Lab2/Keyboard Demo/Keyboard_Demo/Keyboard_Demo.runs/impl_1/top.bit} [get_hw_devices xc7a100t_0]
program_hw_devices [get_hw_devices xc7a100t_0]
INFO: [Labtools 27-3164] End of startup status: HIGH
refresh_hw_device [lindex [get_hw_devices xc7a100t_0] 0]
INFO: [Labtools 27-1434] Device xc7a100t (JTAG device index = 0) is programmed with a design that has no supported debug core(s) in it.
exit
INFO: [Common 17-206] Exiting Vivado at Sun Nov  6 10:43:13 2022...
