#
# A fatal error has been detected by the Java Runtime Environment:
#
#  EXCEPTION_ACCESS_VIOLATION (0xc0000005) at pc=0x00007ffef3a8e8b6, pid=14128, tid=12012
#
# JRE version: Java(TM) SE Runtime Environment (9.0+11) (build 9.0.4+11)
# Java VM: Java HotSpot(TM) 64-Bit Server VM (9.0.4+11, mixed mode, tiered, compressed oops, g1 gc, windows-amd64)
# Problematic frame:
# C  [librdi_simdata.dll+0x2e8b6]
#
# No core dump will be written. Minidumps are not enabled by default on client versions of Windows
#
# If you would like to submit a bug report, please visit:
#   http://bugreport.java.com/bugreport/crash.jsp
# The crash happened outside the Java Virtual Machine in native code.
# See problematic frame for where to report the bug.
#

---------------  S U M M A R Y ------------

Command Line: -Dsun.java2d.pmoffscreen=false -Dsun.java2d.xrender=false -Dsun.java2d.d3d=false -Dsun.awt.nopixfmt=true -Dsun.java2d.dpiaware=true -Dsun.java2d.uiScale.enabled=false -Xverify:none -Dswing.aatext=true -XX:-UsePerfData -Djdk.map.althashing.threshold=512 -XX:StringTableSize=4072 --add-opens=java.base/java.nio=ALL-UNNAMED --add-opens=java.desktop/sun.swing=ALL-UNNAMED --add-opens=java.desktop/javax.swing=ALL-UNNAMED --add-opens=java.desktop/javax.swing.tree=ALL-UNNAMED --add-opens=java.desktop/javax.swing.plaf.basic=ALL-UNNAMED --add-opens=java.desktop/javax.swing.plaf.synth=ALL-UNNAMED --add-opens=java.desktop/com.sun.awt=ALL-UNNAMED -XX:NewSize=60m -XX:MaxNewSize=60m -Xms128m -Xmx3072m -Xss5m 

Host: Intel(R) Core(TM) i7-7800X CPU @ 3.50GHz, 12 cores, 15G,  Windows 10 , 64 bit Build 19041 (10.0.19041.1889)
Time: Fri Oct 28 15:04:25 2022 Eastern Daylight Time elapsed time: 1894 seconds (0d 0h 31m 34s)

---------------  T H R E A D  ---------------

Current thread (0x000001eb23be9000):  JavaThread "AWT-EventQueue-1" [_thread_in_native, id=12012, stack(0x000000332a400000,0x000000332a900000)]

Stack: [0x000000332a400000,0x000000332a900000],  sp=0x000000332a8fb520,  free space=5101k
Native frames: (J=compiled Java code, j=interpreted, Vv=VM code, C=native code)
C  [librdi_simdata.dll+0x2e8b6]
C  [librdi_simdata.dll+0x47357]
C  [librdi_simdata.dll+0x988cc]
C  0x000001eb337ac35c

Java frames: (J=compiled Java code, j=interpreted, Vv=VM code)
J 16185  ui.views.simulator.executive.simulationi.SimulationExecutive_getCodeTooltipValue(JLjava/lang/String;IZ)Ljava/lang/String; (0 bytes) @ 0x000001eb337ac2bf [0x000001eb337ac260+0x000000000000005f]
J 22568 c2 ui.views.O.d.mouseMoved(Ljava/awt/event/MouseEvent;)V (13 bytes) @ 0x000001eb33fcdee0 [0x000001eb33fcdb00+0x00000000000003e0]
J 16614 c2 java.awt.AWTEventMulticaster.mouseMoved(Ljava/awt/event/MouseEvent;)V java.desktop@9.0.4 (27 bytes) @ 0x000001eb337f85f4 [0x000001eb337f8540+0x00000000000000b4]
J 16614 c2 java.awt.AWTEventMulticaster.mouseMoved(Ljava/awt/event/MouseEvent;)V java.desktop@9.0.4 (27 bytes) @ 0x000001eb337f85b4 [0x000001eb337f8540+0x0000000000000074]
J 15059 c1 java.awt.Component.processMouseMotionEvent(Ljava/awt/event/MouseEvent;)V java.desktop@9.0.4 (58 bytes) @ 0x000001eb2cba9a04 [0x000001eb2cba9760+0x00000000000002a4]
J 22452 c1 javax.swing.JComponent.processMouseMotionEvent(Ljava/awt/event/MouseEvent;)V java.desktop@9.0.4 (46 bytes) @ 0x000001eb2e0c256c [0x000001eb2e0c1fc0+0x00000000000005ac]
J 18624 c2 java.awt.Container.processEvent(Ljava/awt/AWTEvent;)V java.desktop@9.0.4 (22 bytes) @ 0x000001eb332e8044 [0x000001eb332e7ec0+0x0000000000000184]
J 22684 c1 java.awt.Component.dispatchEventImpl(Ljava/awt/AWTEvent;)V java.desktop@9.0.4 (739 bytes) @ 0x000001eb2b7dd78c [0x000001eb2b7d9b20+0x0000000000003c6c]
J 16143 c2 java.awt.Container.dispatchEventImpl(Ljava/awt/AWTEvent;)V java.desktop@9.0.4 (129 bytes) @ 0x000001eb33790a18 [0x000001eb337909c0+0x0000000000000058]
J 21993 c2 java.awt.LightweightDispatcher.retargetMouseEvent(Ljava/awt/Component;ILjava/awt/event/MouseEvent;)V java.desktop@9.0.4 (350 bytes) @ 0x000001eb33ea1f64 [0x000001eb33ea1ba0+0x00000000000003c4]
J 18492 c2 java.awt.LightweightDispatcher.processMouseEvent(Ljava/awt/event/MouseEvent;)Z java.desktop@9.0.4 (265 bytes) @ 0x000001eb33177a88 [0x000001eb331772a0+0x00000000000007e8]
J 16143 c2 java.awt.Container.dispatchEventImpl(Ljava/awt/AWTEvent;)V java.desktop@9.0.4 (129 bytes) @ 0x000001eb33790d04 [0x000001eb337909c0+0x0000000000000344]
J 18283 c2 java.awt.Window.dispatchEventImpl(Ljava/awt/AWTEvent;)V java.desktop@9.0.4 (23 bytes) @ 0x000001eb32cfb60c [0x000001eb32cfb5c0+0x000000000000004c]
J 14319 c2 java.awt.EventQueue$3.run()Ljava/lang/Object; java.desktop@9.0.4 (5 bytes) @ 0x000001eb3313bcd4 [0x000001eb3313bb20+0x00000000000001b4]
v  ~StubRoutines::call_stub
J 5799  java.security.AccessController.doPrivileged(Ljava/security/PrivilegedAction;Ljava/security/AccessControlContext;)Ljava/lang/Object; java.base@9.0.4 (0 bytes) @ 0x000001eb32db0cc6 [0x000001eb32db0c60+0x0000000000000066]
J 17860 c2 java.awt.EventQueue$4.run()Ljava/lang/Object; java.desktop@9.0.4 (5 bytes) @ 0x000001eb33a060c0 [0x000001eb33a05e60+0x0000000000000260]
v  ~StubRoutines::call_stub
J 5799  java.security.AccessController.doPrivileged(Ljava/security/PrivilegedAction;Ljava/security/AccessControlContext;)Ljava/lang/Object; java.base@9.0.4 (0 bytes) @ 0x000001eb32db0cc6 [0x000001eb32db0c60+0x0000000000000066]
J 17210 c2 ui.frmwork.b.d.dispatchEvent(Ljava/awt/AWTEvent;)V (34 bytes) @ 0x000001eb338ca464 [0x000001eb338c9da0+0x00000000000006c4]
J 17605 c2 java.awt.EventDispatchThread.pumpOneEventForFilters(I)V java.desktop@9.0.4 (218 bytes) @ 0x000001eb339a2c08 [0x000001eb339a22e0+0x0000000000000928]
J 20533% c2 java.awt.EventDispatchThread.pumpEventsForFilter(ILjava/awt/Conditional;Ljava/awt/EventFilter;)V java.desktop@9.0.4 (47 bytes) @ 0x000001eb33c641d8 [0x000001eb33c640c0+0x0000000000000118]
j  java.awt.EventDispatchThread.pumpEventsForHierarchy(ILjava/awt/Conditional;Ljava/awt/Component;)V+11 java.desktop@9.0.4
j  java.awt.EventDispatchThread.pumpEvents(ILjava/awt/Conditional;)V+4 java.desktop@9.0.4
j  java.awt.EventDispatchThread.pumpEvents(Ljava/awt/Conditional;)V+3 java.desktop@9.0.4
j  java.awt.EventDispatchThread.run()V+9 java.desktop@9.0.4
v  ~StubRoutines::call_stub

siginfo: EXCEPTION_ACCESS_VIOLATION (0xc0000005), reading address 0x0000000000016168


Register to memory mapping:

RIP=0x00007ffef3a8e8b6 librdi_simdata.dll
RAX=0x000001eb5a8aa038 is an unknown value
RBX=0x0000000000000001 is an unknown value
RCX=0x000001eb5a8aa038 is an unknown value
RDX=0x000000332a8fb588 is pointing into the stack for thread: 0x000001eb23be9000
RSP=0x000000332a8fb520 is pointing into the stack for thread: 0x000001eb23be9000
RBP=0x000000332a8fb620 is pointing into the stack for thread: 0x000001eb23be9000
RSI=0x000001eb51ed59e0 is an unknown value
RDI=0x000000332a8fb768 is pointing into the stack for thread: 0x000001eb23be9000
R8 =0x0000000000000000 is an unknown value
R9 =0x0000000000016140 is an unknown value
R10=0x0000000000000012 is an unknown value
R11=0x000000332a8fb6f0 is pointing into the stack for thread: 0x000001eb23be9000
R12=0x000001eb4e8cd640 is an unknown value
R13=0x0000000000000000 is an unknown value
R14=0x0000000000000000 is an unknown value
R15=0x000000332a8fb978 is pointing into the stack for thread: 0x000001eb23be9000


Registers:
RAX=0x000001eb5a8aa038, RBX=0x0000000000000001, RCX=0x000001eb5a8aa038, RDX=0x000000332a8fb588
RSP=0x000000332a8fb520, RBP=0x000000332a8fb620, RSI=0x000001eb51ed59e0, RDI=0x000000332a8fb768
R8 =0x0000000000000000, R9 =0x0000000000016140, R10=0x0000000000000012, R11=0x000000332a8fb6f0
R12=0x000001eb4e8cd640, R13=0x0000000000000000, R14=0x0000000000000000, R15=0x000000332a8fb978
RIP=0x00007ffef3a8e8b6, EFLAGS=0x0000000000010246

Top of Stack: (sp=0x000000332a8fb520)
0x000000332a8fb520:   000000332a8fb768 000000332a8fb588
0x000000332a8fb530:   000000332a8fb620 000001eb51ed59e0
0x000000332a8fb540:   0000000000000001 000000332a8fb670
0x000000332a8fb550:   0000003300000001 00007fff12b6868b
0x000000332a8fb560:   000000332a8fb8b0 000001eb4e8cd640
0x000000332a8fb570:   000000332a8fb770 fffffffffffffffe
0x000000332a8fb580:   000000332a8fb768 0000003300303164
0x000000332a8fb590:   000001eb207e9ee0 0000000000000003
0x000000332a8fb5a0:   000000000000000f 0000000000000000
0x000000332a8fb5b0:   00000000000000c4 00007fff01a49f64
0x000000332a8fb5c0:   0000000200000000 000001eb32f069d0
0x000000332a8fb5d0:   0000000200000008 408f28000000001f
0x000000332a8fb5e0:   000000332a8fb734 000000332a8fb670
0x000000332a8fb5f0:   000000332a8fb770 000000332a8fb600
0x000000332a8fb600:   000000332a8fb734 000001eb56f2e3d8
0x000000332a8fb610:   0000000000000000 000000eee019875d 

Instructions: (pc=0x00007ffef3a8e8b6)
0x00007ffef3a8e896:   b0 e8 c4 31 fe ff 48 8b 06 48 8b ce ff 90 b8 00
0x00007ffef3a8e8a6:   00 00 4c 8b 08 45 33 c0 48 8d 54 24 68 48 8b c8
0x00007ffef3a8e8b6:   41 ff 51 28 48 8b d8 44 89 74 24 20 4c 8d 0d 5f
0x00007ffef3a8e8c6:   2b 20 00 4c 8d 05 28 2b 20 00 33 d2 48 8b c8 e8 



---------------  P R O C E S S  ---------------

Java Threads: ( => current thread )
  0x000001eb4acb3000 JavaThread "Relaunch Simulation" [_thread_blocked, id=15528, stack(0x000000332f200000,0x000000332f700000)]
  0x000001eb4acb1800 JavaThread "Monitor File Timestamp Swing Worker" [_thread_blocked, id=8936, stack(0x000000332e800000,0x000000332ed00000)]
  0x000001eb4acb8800 JavaThread "Timer-3" [_thread_blocked, id=18076, stack(0x000000332e300000,0x000000332e800000)]
  0x000001eb4acb7000 JavaThread "Image Animator 3" daemon [_thread_blocked, id=2712, stack(0x000000332ed00000,0x000000332f200000)]
  0x000001eb4acb7800 JavaThread "SyntheticaAnimation 50" daemon [_thread_blocked, id=344, stack(0x000000332d900000,0x000000332de00000)]
  0x000001eb4acb4800 JavaThread "Update Runs Swing Worker" [_thread_in_native, id=4888, stack(0x000000332de00000,0x000000332e300000)]
  0x000001eb4acb0000 JavaThread "hw_ila_monitor" [_thread_blocked, id=13464, stack(0x000000332d400000,0x000000332d900000)]
  0x000001eb1f80f800 JavaThread "Refresh Filesets Swing Worker" [_thread_blocked, id=9804, stack(0x000000332cf00000,0x000000332d400000)]
  0x000001eb1f80d000 JavaThread "SyntheticaAnimation 70" daemon [_thread_blocked, id=8932, stack(0x000000332ca00000,0x000000332cf00000)]
  0x000001eb1f813000 JavaThread "SyntheticaAnimation 25" daemon [_thread_blocked, id=6888, stack(0x000000332c000000,0x000000332c500000)]
  0x000001eb1f812800 JavaThread "SyntheticaAnimation 50" daemon [_thread_blocked, id=13788, stack(0x000000332bb00000,0x000000332c000000)]
  0x000001eb1f80c800 JavaThread "Monitor HEventQueue" [_thread_blocked, id=1672, stack(0x000000332b600000,0x000000332bb00000)]
  0x000001eb1f811800 JavaThread "SyntheticaCleanerThread" daemon [_thread_blocked, id=9844, stack(0x000000332ae00000,0x000000332b300000)]
  0x000001eb1f80e000 JavaThread "Batik CleanerThread" daemon [_thread_blocked, id=14828, stack(0x0000003329a00000,0x0000003329f00000)]
=>0x000001eb23be9000 JavaThread "AWT-EventQueue-1" [_thread_in_native, id=12012, stack(0x000000332a400000,0x000000332a900000)]
  0x000001eb24217000 JavaThread "Process Messages" [_thread_blocked, id=5488, stack(0x0000003329f00000,0x000000332a400000)]
  0x000001eb44817000 JavaThread "Thread-1" [_thread_in_native, id=10412, stack(0x0000003322800000,0x0000003323c00000)]
  0x000001eb44d39800 JavaThread "TimerQueue" daemon [_thread_blocked, id=3696, stack(0x0000003329000000,0x0000003329500000)]
  0x000001eb23b22800 JavaThread "AWT-Windows" daemon [_thread_in_native, id=14500, stack(0x0000003328b00000,0x0000003329000000)]
  0x000001eb23b21800 JavaThread "AWT-Shutdown" [_thread_blocked, id=16964, stack(0x0000003328600000,0x0000003328b00000)]
  0x000001eb235f5000 JavaThread "Java2D Disposer" daemon [_thread_blocked, id=17420, stack(0x0000003328100000,0x0000003328600000)]
  0x000001eb1e49f000 JavaThread "Service Thread" daemon [_thread_blocked, id=10344, stack(0x0000003327b00000,0x0000003328000000)]
  0x000001eb1f829800 JavaThread "Common-Cleaner" daemon [_thread_blocked, id=10792, stack(0x0000003327600000,0x0000003327b00000)]
  0x000001eb1f810000 JavaThread "Sweeper thread" daemon [_thread_blocked, id=9736, stack(0x0000003327100000,0x0000003327600000)]
  0x000001eb20b19000 JavaThread "C1 CompilerThread3" daemon [_thread_blocked, id=11716, stack(0x0000003327000000,0x0000003327100000)]
  0x000001eb20b18800 JavaThread "C2 CompilerThread2" daemon [_thread_blocked, id=11608, stack(0x0000003326f00000,0x0000003327000000)]
  0x000001eb20b17000 JavaThread "C2 CompilerThread1" daemon [_thread_blocked, id=736, stack(0x0000003326e00000,0x0000003326f00000)]
  0x000001eb1f8e6000 JavaThread "C2 CompilerThread0" daemon [_thread_blocked, id=17712, stack(0x0000003326d00000,0x0000003326e00000)]
  0x000001eb1f8e5000 JavaThread "Attach Listener" daemon [_thread_blocked, id=3060, stack(0x0000003326800000,0x0000003326d00000)]
  0x000001eb1f8e4800 JavaThread "Signal Dispatcher" daemon [_thread_blocked, id=17008, stack(0x0000003326300000,0x0000003326800000)]
  0x000001eb1d20b800 JavaThread "Finalizer" daemon [_thread_blocked, id=13916, stack(0x0000003325e00000,0x0000003326300000)]
  0x000001eb1d20a800 JavaThread "Reference Handler" daemon [_thread_blocked, id=15252, stack(0x0000003325900000,0x0000003325e00000)]
  0x000001eb185c4800 JavaThread "main" [_thread_blocked, id=11800, stack(0x0000003323e00000,0x0000003323f00000)]

Other Threads:
  0x000001eb1ffd1800 VMThread "VM Thread" [stack: 0x0000003325800000,0x0000003325900000] [id=9424]
  0x000001eb1e1f1000 WatcherThread [stack: 0x0000003328000000,0x0000003328100000] [id=9516]
  0x000001eb2278f800 GCTaskThread "GC Thread#0" [stack: 0x0000003323f00000,0x0000003324000000] [id=9008]
  0x000001eb22791000 GCTaskThread "GC Thread#1" [stack: 0x0000003324000000,0x0000003324100000] [id=3016]
  0x000001eb22795800 GCTaskThread "GC Thread#2" [stack: 0x0000003324100000,0x0000003324200000] [id=13496]
  0x000001eb22794000 GCTaskThread "GC Thread#3" [stack: 0x0000003324200000,0x0000003324300000] [id=16364]
  0x000001eb22794800 GCTaskThread "GC Thread#4" [stack: 0x0000003324300000,0x0000003324400000] [id=16788]
  0x000001eb22790800 GCTaskThread "GC Thread#5" [stack: 0x0000003324400000,0x0000003324500000] [id=15592]
  0x000001eb22796000 GCTaskThread "GC Thread#6" [stack: 0x0000003324500000,0x0000003324600000] [id=17700]
  0x000001eb22796800 GCTaskThread "GC Thread#7" [stack: 0x0000003324600000,0x0000003324700000] [id=960]
  0x000001eb22791800 GCTaskThread "GC Thread#8" [stack: 0x0000003324700000,0x0000003324800000] [id=17916]
  0x000001eb22792000 GCTaskThread "GC Thread#9" [stack: 0x0000003324800000,0x0000003324900000] [id=7156]
  0x000001eb233f6800 ConcurrentGCThread "G1 Main Marker" [stack: 0x0000003325400000,0x0000003325500000] [id=16784]
  0x000001eb22793000 ConcurrentGCThread "G1 Marker#0" [stack: 0x0000003325500000,0x0000003325600000] [id=17052]
  0x000001eb22793800 ConcurrentGCThread "G1 Marker#1" [stack: 0x0000003325600000,0x0000003325700000] [id=13196]
  0x000001eb209cc000 ConcurrentGCThread "G1 Marker#2" [stack: 0x0000003325700000,0x0000003325800000] [id=17920]
  0x000001eb2003e000 ConcurrentGCThread "G1 Refine#0" [stack: 0x0000003325200000,0x0000003325300000] [id=10232]
  0x000001eb2003d800 ConcurrentGCThread "G1 Refine#1" [stack: 0x0000003325100000,0x0000003325200000] [id=7148]
  0x000001eb22bcb800 ConcurrentGCThread "G1 Refine#2" [stack: 0x0000003325000000,0x0000003325100000] [id=6600]
  0x000001eb22bcb000 ConcurrentGCThread "G1 Refine#3" [stack: 0x0000003324f00000,0x0000003325000000] [id=5004]
  0x000001eb22bca800 ConcurrentGCThread "G1 Refine#4" [stack: 0x0000003324e00000,0x0000003324f00000] [id=18020]
  0x000001eb1f859800 ConcurrentGCThread "G1 Refine#5" [stack: 0x0000003324d00000,0x0000003324e00000] [id=18056]
  0x000001eb208e1000 ConcurrentGCThread "G1 Refine#6" [stack: 0x0000003324c00000,0x0000003324d00000] [id=10472]
  0x000001eb23384800 ConcurrentGCThread "G1 Refine#7" [stack: 0x0000003324b00000,0x0000003324c00000] [id=15408]
  0x000001eb20626800 ConcurrentGCThread "G1 Refine#8" [stack: 0x0000003324a00000,0x0000003324b00000] [id=13184]
  0x000001eb1fb4c800 ConcurrentGCThread "G1 Refine#9" [stack: 0x0000003324900000,0x0000003324a00000] [id=15588]
  0x000001eb22799000 ConcurrentGCThread "G1 Young RemSet Sampling" [stack: 0x0000003325300000,0x0000003325400000] [id=12136]

Threads with active compile tasks:

VM state:not at safepoint (normal execution)

VM Mutex/Monitor currently owned by a thread: None

Heap address: 0x0000000700000000, size: 3072 MB, Compressed Oops mode: Zero based, Oop shift amount: 3
Narrow klass base: 0x0000000000000000, Narrow klass shift: 3
Compressed class space size: 1073741824 Address: 0x00000007c0000000

Heap:
 garbage-first heap   total 229376K, used 78741K [0x0000000700000000, 0x0000000700100700, 0x00000007c0000000)
  region size 1024K, 11 young (11264K), 2 survivors (2048K)
 Metaspace       used 85434K, capacity 91521K, committed 91668K, reserved 1128448K
  class space    used 11419K, capacity 12481K, committed 12564K, reserved 1048576K
Heap Regions: E=young(eden), S=young(survivor), O=old, HS=humongous(starts), HC=humongous(continues), CS=collection set, F=free, A=archive, TS=gc time stamp, AC=allocation context, TAMS=top-at-mark-start (previous, next)
|   0|0x0000000700000000, 0x00000007000fd6a8, 0x0000000700100000| 98%| O|  |TS  0|AC  0|TAMS 0x0000000700000000, 0x0000000700000000|
|   1|0x0000000700100000, 0x0000000700200000, 0x0000000700200000|100%|HS|  |TS  0|AC  0|TAMS 0x0000000700100000, 0x0000000700100000|
|   2|0x0000000700200000, 0x0000000700300000, 0x0000000700300000|100%|HC|  |TS  0|AC  0|TAMS 0x0000000700200000, 0x0000000700200000|
|   3|0x0000000700300000, 0x0000000700400000, 0x0000000700400000|100%|HS|  |TS  0|AC  0|TAMS 0x0000000700300000, 0x0000000700300000|
|   4|0x0000000700400000, 0x00000007004fffd8, 0x0000000700500000| 99%| O|  |TS  0|AC  0|TAMS 0x0000000700400000, 0x0000000700400000|
|   5|0x0000000700500000, 0x00000007005ff840, 0x0000000700600000| 99%| O|  |TS  0|AC  0|TAMS 0x0000000700500000, 0x0000000700500000|
|   6|0x0000000700600000, 0x0000000700700000, 0x0000000700700000|100%| O|  |TS  0|AC  0|TAMS 0x0000000700600000, 0x0000000700600000|
|   7|0x0000000700700000, 0x0000000700800000, 0x0000000700800000|100%| O|  |TS  0|AC  0|TAMS 0x0000000700700000, 0x0000000700700000|
|   8|0x0000000700800000, 0x00000007008ffff8, 0x0000000700900000| 99%| O|  |TS  0|AC  0|TAMS 0x0000000700800000, 0x0000000700800000|
|   9|0x0000000700900000, 0x00000007009fffe0, 0x0000000700a00000| 99%| O|  |TS  0|AC  0|TAMS 0x0000000700900000, 0x0000000700900000|
|  10|0x0000000700a00000, 0x0000000700afffe8, 0x0000000700b00000| 99%| O|  |TS  0|AC  0|TAMS 0x0000000700a00000, 0x0000000700a00000|
|  11|0x0000000700b00000, 0x0000000700bf82b0, 0x0000000700c00000| 96%| O|  |TS  0|AC  0|TAMS 0x0000000700b00000, 0x0000000700b00000|
|  12|0x0000000700c00000, 0x0000000700cfe7c8, 0x0000000700d00000| 99%| O|  |TS  0|AC  0|TAMS 0x0000000700c00000, 0x0000000700c00000|
|  13|0x0000000700d00000, 0x0000000700dfffe0, 0x0000000700e00000| 99%| O|  |TS  0|AC  0|TAMS 0x0000000700d00000, 0x0000000700d00000|
|  14|0x0000000700e00000, 0x0000000700effff0, 0x0000000700f00000| 99%| O|  |TS  0|AC  0|TAMS 0x0000000700e00000, 0x0000000700e00000|
|  15|0x0000000700f00000, 0x0000000700fffe80, 0x0000000701000000| 99%| O|  |TS  0|AC  0|TAMS 0x0000000700f00000, 0x0000000700f00000|
|  16|0x0000000701000000, 0x00000007010f8240, 0x0000000701100000| 96%| O|  |TS  0|AC  0|TAMS 0x0000000701000000, 0x0000000701000000|
|  17|0x0000000701100000, 0x00000007011ffff8, 0x0000000701200000| 99%| O|  |TS  0|AC  0|TAMS 0x0000000701100000, 0x0000000701100000|
|  18|0x0000000701200000, 0x0000000701300000, 0x0000000701300000|100%| O|  |TS  0|AC  0|TAMS 0x0000000701200000, 0x0000000701200000|
|  19|0x0000000701300000, 0x00000007013ffff8, 0x0000000701400000| 99%| O|  |TS  0|AC  0|TAMS 0x0000000701300000, 0x0000000701300000|
|  20|0x0000000701400000, 0x00000007014fffd0, 0x0000000701500000| 99%| O|  |TS  0|AC  0|TAMS 0x0000000701400000, 0x0000000701400000|
|  21|0x0000000701500000, 0x00000007015ffff0, 0x0000000701600000| 99%| O|  |TS  0|AC  0|TAMS 0x0000000701500000, 0x0000000701500000|
|  22|0x0000000701600000, 0x00000007016ffff0, 0x0000000701700000| 99%| O|  |TS  0|AC  0|TAMS 0x0000000701600000, 0x0000000701600000|
|  23|0x0000000701700000, 0x0000000701800000, 0x0000000701800000|100%| O|  |TS  0|AC  0|TAMS 0x0000000701700000, 0x0000000701700000|
|  24|0x0000000701800000, 0x00000007018fffe8, 0x0000000701900000| 99%| O|  |TS  0|AC  0|TAMS 0x0000000701800000, 0x0000000701800000|
|  25|0x0000000701900000, 0x00000007019fffe8, 0x0000000701a00000| 99%| O|  |TS  0|AC  0|TAMS 0x0000000701900000, 0x0000000701900000|
|  26|0x0000000701a00000, 0x0000000701affed0, 0x0000000701b00000| 99%| O|  |TS  0|AC  0|TAMS 0x0000000701a00000, 0x0000000701a00000|
|  27|0x0000000701b00000, 0x0000000701bfffe8, 0x0000000701c00000| 99%| O|  |TS  0|AC  0|TAMS 0x0000000701b00000, 0x0000000701b00000|
|  28|0x0000000701c00000, 0x0000000701cfffe8, 0x0000000701d00000| 99%| O|  |TS  0|AC  0|TAMS 0x0000000701c00000, 0x0000000701c00000|
|  29|0x0000000701d00000, 0x0000000701dffff8, 0x0000000701e00000| 99%| O|  |TS  0|AC  0|TAMS 0x0000000701d00000, 0x0000000701d00000|
|  30|0x0000000701e00000, 0x0000000701effff8, 0x0000000701f00000| 99%| O|  |TS  0|AC  0|TAMS 0x0000000701e00000, 0x0000000701e00000|
|  31|0x0000000701f00000, 0x0000000702000000, 0x0000000702000000|100%| O|  |TS  0|AC  0|TAMS 0x0000000701f00000, 0x0000000701f00000|
|  32|0x0000000702000000, 0x00000007020ffff8, 0x0000000702100000| 99%| O|  |TS  0|AC  0|TAMS 0x0000000702000000, 0x0000000702000000|
|  33|0x0000000702100000, 0x00000007021ffff8, 0x0000000702200000| 99%| O|  |TS  0|AC  0|TAMS 0x0000000702100000, 0x0000000702100000|
|  34|0x0000000702200000, 0x00000007022ffff8, 0x0000000702300000| 99%| O|  |TS  0|AC  0|TAMS 0x0000000702200000, 0x0000000702200000|
|  35|0x0000000702300000, 0x00000007023ffe60, 0x0000000702400000| 99%| O|  |TS  0|AC  0|TAMS 0x0000000702300000, 0x0000000702300000|
|  36|0x0000000702400000, 0x00000007024fffa8, 0x0000000702500000| 99%| O|  |TS  0|AC  0|TAMS 0x0000000702400000, 0x0000000702400000|
|  37|0x0000000702500000, 0x00000007025fefe8, 0x0000000702600000| 99%| O|  |TS  0|AC  0|TAMS 0x0000000702500000, 0x0000000702500000|
|  38|0x0000000702600000, 0x00000007026fffc8, 0x0000000702700000| 99%| O|  |TS  0|AC  0|TAMS 0x0000000702600000, 0x0000000702600000|
|  39|0x0000000702700000, 0x00000007027fffe0, 0x0000000702800000| 99%| O|  |TS  0|AC  0|TAMS 0x0000000702700000, 0x0000000702700000|
|  40|0x0000000702800000, 0x00000007028c4e58, 0x0000000702900000| 76%| O|  |TS  0|AC  0|TAMS 0x0000000702800000, 0x0000000702800000|
|  41|0x0000000702900000, 0x00000007029d59f0, 0x0000000702a00000| 83%| O|  |TS  0|AC  0|TAMS 0x0000000702900000, 0x0000000702900000|
|  42|0x0000000702a00000, 0x0000000702b00000, 0x0000000702b00000|100%|HS|  |TS  0|AC  0|TAMS 0x0000000702a00000, 0x0000000702a00000|
|  43|0x0000000702b00000, 0x0000000702c00000, 0x0000000702c00000|100%|HC|  |TS  0|AC  0|TAMS 0x0000000702b00000, 0x0000000702b00000|
|  44|0x0000000702c00000, 0x0000000702d00000, 0x0000000702d00000|100%|HC|  |TS  0|AC  0|TAMS 0x0000000702c00000, 0x0000000702c00000|
|  45|0x0000000702d00000, 0x0000000702e00000, 0x0000000702e00000|100%|HC|  |TS  0|AC  0|TAMS 0x0000000702d00000, 0x0000000702d00000|
|  46|0x0000000702e00000, 0x0000000702f00000, 0x0000000702f00000|100%|HC|  |TS  0|AC  0|TAMS 0x0000000702e00000, 0x0000000702e00000|
|  47|0x0000000702f00000, 0x0000000703000000, 0x0000000703000000|100%|HC|  |TS  0|AC  0|TAMS 0x0000000702f00000, 0x0000000702f00000|
|  48|0x0000000703000000, 0x0000000703100000, 0x0000000703100000|100%|HC|  |TS  0|AC  0|TAMS 0x0000000703000000, 0x0000000703000000|
|  49|0x0000000703100000, 0x0000000703200000, 0x0000000703200000|100%|HC|  |TS  0|AC  0|TAMS 0x0000000703100000, 0x0000000703100000|
|  50|0x0000000703200000, 0x00000007032ffff8, 0x0000000703300000| 99%| O|  |TS  0|AC  0|TAMS 0x0000000703200000, 0x0000000703200000|
|  51|0x0000000703300000, 0x00000007033ffff0, 0x0000000703400000| 99%| O|  |TS  0|AC  0|TAMS 0x0000000703300000, 0x0000000703300000|
|  52|0x0000000703400000, 0x00000007034fffe8, 0x0000000703500000| 99%| O|  |TS  0|AC  0|TAMS 0x0000000703400000, 0x0000000703400000|
|  53|0x0000000703500000, 0x00000007035fff48, 0x0000000703600000| 99%| O|  |TS  0|AC  0|TAMS 0x0000000703500000, 0x0000000703500000|
|  54|0x0000000703600000, 0x0000000703700000, 0x0000000703700000|100%| O|  |TS  0|AC  0|TAMS 0x0000000703600000, 0x0000000703600000|
|  55|0x0000000703700000, 0x00000007037ffff8, 0x0000000703800000| 99%| O|  |TS  0|AC  0|TAMS 0x0000000703700000, 0x0000000703700000|
|  56|0x0000000703800000, 0x00000007038ffff0, 0x0000000703900000| 99%| O|  |TS  0|AC  0|TAMS 0x0000000703800000, 0x0000000703800000|
|  57|0x0000000703900000, 0x00000007039ffff8, 0x0000000703a00000| 99%| O|  |TS  0|AC  0|TAMS 0x0000000703900000, 0x0000000703900000|
|  58|0x0000000703a00000, 0x0000000703b00000, 0x0000000703b00000|100%| O|  |TS  0|AC  0|TAMS 0x0000000703a00000, 0x0000000703a00000|
|  59|0x0000000703b00000, 0x0000000703bfffe8, 0x0000000703c00000| 99%| O|  |TS  0|AC  0|TAMS 0x0000000703b00000, 0x0000000703b00000|
|  60|0x0000000703c00000, 0x0000000703cffff8, 0x0000000703d00000| 99%| O|  |TS  0|AC  0|TAMS 0x0000000703c00000, 0x0000000703c00000|
|  61|0x0000000703d00000, 0x0000000703dffff8, 0x0000000703e00000| 99%| O|  |TS  0|AC  0|TAMS 0x0000000703d00000, 0x0000000703d00000|
|  62|0x0000000703e00000, 0x0000000703f00000, 0x0000000703f00000|100%| O|  |TS  0|AC  0|TAMS 0x0000000703e00000, 0x0000000703e00000|
|  63|0x0000000703f00000, 0x0000000703fffff0, 0x0000000704000000| 99%| O|  |TS  0|AC  0|TAMS 0x0000000703f00000, 0x0000000703f00000|
|  64|0x0000000704000000, 0x00000007040fffe8, 0x0000000704100000| 99%| O|  |TS  0|AC  0|TAMS 0x0000000704000000, 0x0000000704000000|
|  65|0x0000000704100000, 0x00000007041a7e50, 0x0000000704200000| 65%| O|  |TS  0|AC  0|TAMS 0x0000000704100000, 0x0000000704100000|
|  66|0x0000000704200000, 0x0000000704200000, 0x0000000704300000|  0%| F|  |TS  0|AC  0|TAMS 0x0000000704200000, 0x0000000704200000|
|  67|0x0000000704300000, 0x0000000704400000, 0x0000000704400000|100%|HS|  |TS  0|AC  0|TAMS 0x0000000704300000, 0x0000000704300000|
|  68|0x0000000704400000, 0x0000000704500000, 0x0000000704500000|100%|HC|  |TS  0|AC  0|TAMS 0x0000000704400000, 0x0000000704400000|
|  69|0x0000000704500000, 0x0000000704500000, 0x0000000704600000|  0%| F|  |TS  0|AC  0|TAMS 0x0000000704500000, 0x0000000704500000|
|  70|0x0000000704600000, 0x0000000704600000, 0x0000000704700000|  0%| F|  |TS  0|AC  0|TAMS 0x0000000704600000, 0x0000000704600000|
|  71|0x0000000704700000, 0x0000000704700000, 0x0000000704800000|  0%| F|  |TS  0|AC  0|TAMS 0x0000000704700000, 0x0000000704700000|
|  72|0x0000000704800000, 0x0000000704800000, 0x0000000704900000|  0%| F|  |TS  0|AC  0|TAMS 0x0000000704800000, 0x0000000704800000|
|  73|0x0000000704900000, 0x0000000704900000, 0x0000000704a00000|  0%| F|  |TS  0|AC  0|TAMS 0x0000000704900000, 0x0000000704900000|
|  74|0x0000000704a00000, 0x0000000704a00000, 0x0000000704b00000|  0%| F|  |TS  0|AC  0|TAMS 0x0000000704a00000, 0x0000000704a00000|
|  75|0x0000000704b00000, 0x0000000704b00000, 0x0000000704c00000|  0%| F|  |TS  0|AC  0|TAMS 0x0000000704b00000, 0x0000000704b00000|
|  76|0x0000000704c00000, 0x0000000704c00000, 0x0000000704d00000|  0%| F|  |TS  0|AC  0|TAMS 0x0000000704c00000, 0x0000000704c00000|
|  77|0x0000000704d00000, 0x0000000704d00000, 0x0000000704e00000|  0%| F|  |TS  0|AC  0|TAMS 0x0000000704d00000, 0x0000000704d00000|
|  78|0x0000000704e00000, 0x0000000704e00000, 0x0000000704f00000|  0%| F|  |TS  0|AC  0|TAMS 0x0000000704e00000, 0x0000000704e00000|
|  79|0x0000000704f00000, 0x0000000704f00000, 0x0000000705000000|  0%| F|  |TS  0|AC  0|TAMS 0x0000000704f00000, 0x0000000704f00000|
|  80|0x0000000705000000, 0x0000000705000000, 0x0000000705100000|  0%| F|  |TS  0|AC  0|TAMS 0x0000000705000000, 0x0000000705000000|
|  81|0x0000000705100000, 0x0000000705100000, 0x0000000705200000|  0%| F|  |TS  0|AC  0|TAMS 0x0000000705100000, 0x0000000705100000|
|  82|0x0000000705200000, 0x0000000705200000, 0x0000000705300000|  0%| F|  |TS  0|AC  0|TAMS 0x0000000705200000, 0x0000000705200000|
|  83|0x0000000705300000, 0x0000000705300000, 0x0000000705400000|  0%| F|  |TS  0|AC  0|TAMS 0x0000000705300000, 0x0000000705300000|
|  84|0x0000000705400000, 0x0000000705400000, 0x0000000705500000|  0%| F|  |TS  0|AC  0|TAMS 0x0000000705400000, 0x0000000705400000|
|  85|0x0000000705500000, 0x0000000705500000, 0x0000000705600000|  0%| F|  |TS  0|AC  0|TAMS 0x0000000705500000, 0x0000000705500000|
|  86|0x0000000705600000, 0x0000000705600000, 0x0000000705700000|  0%| F|  |TS  0|AC  0|TAMS 0x0000000705600000, 0x0000000705600000|
|  87|0x0000000705700000, 0x0000000705700000, 0x0000000705800000|  0%| F|  |TS  0|AC  0|TAMS 0x0000000705700000, 0x0000000705700000|
|  88|0x0000000705800000, 0x0000000705800000, 0x0000000705900000|  0%| F|  |TS  0|AC  0|TAMS 0x0000000705800000, 0x0000000705800000|
|  89|0x0000000705900000, 0x0000000705900000, 0x0000000705a00000|  0%| F|  |TS  0|AC  0|TAMS 0x0000000705900000, 0x0000000705900000|
|  90|0x0000000705a00000, 0x0000000705a00000, 0x0000000705b00000|  0%| F|  |TS  0|AC  0|TAMS 0x0000000705a00000, 0x0000000705a00000|
|  91|0x0000000705b00000, 0x0000000705b00000, 0x0000000705c00000|  0%| F|  |TS  0|AC  0|TAMS 0x0000000705b00000, 0x0000000705b00000|
|  92|0x0000000705c00000, 0x0000000705c00000, 0x0000000705d00000|  0%| F|  |TS  0|AC  0|TAMS 0x0000000705c00000, 0x0000000705c00000|
|  93|0x0000000705d00000, 0x0000000705d00000, 0x0000000705e00000|  0%| F|  |TS  0|AC  0|TAMS 0x0000000705d00000, 0x0000000705d00000|
|  94|0x0000000705e00000, 0x0000000705e00000, 0x0000000705f00000|  0%| F|  |TS  0|AC  0|TAMS 0x0000000705e00000, 0x0000000705e00000|
|  95|0x0000000705f00000, 0x0000000705f00000, 0x0000000706000000|  0%| F|  |TS  0|AC  0|TAMS 0x0000000705f00000, 0x0000000705f00000|
|  96|0x0000000706000000, 0x0000000706000000, 0x0000000706100000|  0%| F|  |TS  0|AC  0|TAMS 0x0000000706000000, 0x0000000706000000|
|  97|0x0000000706100000, 0x0000000706100000, 0x0000000706200000|  0%| F|  |TS  0|AC  0|TAMS 0x0000000706100000, 0x0000000706100000|
|  98|0x0000000706200000, 0x0000000706200000, 0x0000000706300000|  0%| F|  |TS  0|AC  0|TAMS 0x0000000706200000, 0x0000000706200000|
|  99|0x0000000706300000, 0x0000000706300000, 0x0000000706400000|  0%| F|  |TS  0|AC  0|TAMS 0x0000000706300000, 0x0000000706300000|
| 100|0x0000000706400000, 0x0000000706400000, 0x0000000706500000|  0%| F|  |TS  0|AC  0|TAMS 0x0000000706400000, 0x0000000706400000|
| 101|0x0000000706500000, 0x0000000706500000, 0x0000000706600000|  0%| F|  |TS  0|AC  0|TAMS 0x0000000706500000, 0x0000000706500000|
| 102|0x0000000706600000, 0x0000000706600000, 0x0000000706700000|  0%| F|  |TS  0|AC  0|TAMS 0x0000000706600000, 0x0000000706600000|
| 103|0x0000000706700000, 0x0000000706700000, 0x0000000706800000|  0%| F|  |TS  0|AC  0|TAMS 0x0000000706700000, 0x0000000706700000|
| 104|0x0000000706800000, 0x0000000706800000, 0x0000000706900000|  0%| F|  |TS  0|AC  0|TAMS 0x0000000706800000, 0x0000000706800000|
| 105|0x0000000706900000, 0x0000000706900000, 0x0000000706a00000|  0%| F|  |TS  0|AC  0|TAMS 0x0000000706900000, 0x0000000706900000|
| 106|0x0000000706a00000, 0x0000000706a00000, 0x0000000706b00000|  0%| F|  |TS  0|AC  0|TAMS 0x0000000706a00000, 0x0000000706a00000|
| 107|0x0000000706b00000, 0x0000000706b00000, 0x0000000706c00000|  0%| F|  |TS  0|AC  0|TAMS 0x0000000706b00000, 0x0000000706b00000|
| 108|0x0000000706c00000, 0x0000000706c00000, 0x0000000706d00000|  0%| F|  |TS  0|AC  0|TAMS 0x0000000706c00000, 0x0000000706c00000|
| 109|0x0000000706d00000, 0x0000000706d00000, 0x0000000706e00000|  0%| F|  |TS  0|AC  0|TAMS 0x0000000706d00000, 0x0000000706d00000|
| 110|0x0000000706e00000, 0x0000000706e00000, 0x0000000706f00000|  0%| F|  |TS  0|AC  0|TAMS 0x0000000706e00000, 0x0000000706e00000|
| 111|0x0000000706f00000, 0x0000000706f00000, 0x0000000707000000|  0%| F|  |TS  0|AC  0|TAMS 0x0000000706f00000, 0x0000000706f00000|
| 112|0x0000000707000000, 0x0000000707000000, 0x0000000707100000|  0%| F|  |TS  0|AC  0|TAMS 0x0000000707000000, 0x0000000707000000|
| 113|0x0000000707100000, 0x0000000707100000, 0x0000000707200000|  0%| F|  |TS  0|AC  0|TAMS 0x0000000707100000, 0x0000000707100000|
| 114|0x0000000707200000, 0x0000000707200000, 0x0000000707300000|  0%| F|  |TS  0|AC  0|TAMS 0x0000000707200000, 0x0000000707200000|
| 115|0x0000000707300000, 0x0000000707300000, 0x0000000707400000|  0%| F|  |TS  0|AC  0|TAMS 0x0000000707300000, 0x0000000707300000|
| 116|0x0000000707400000, 0x0000000707400000, 0x0000000707500000|  0%| F|  |TS  0|AC  0|TAMS 0x0000000707400000, 0x0000000707400000|
| 117|0x0000000707500000, 0x0000000707500000, 0x0000000707600000|  0%| F|  |TS  0|AC  0|TAMS 0x0000000707500000, 0x0000000707500000|
| 118|0x0000000707600000, 0x0000000707600000, 0x0000000707700000|  0%| F|  |TS  0|AC  0|TAMS 0x0000000707600000, 0x0000000707600000|
| 119|0x0000000707700000, 0x0000000707700000, 0x0000000707800000|  0%| F|  |TS  0|AC  0|TAMS 0x0000000707700000, 0x0000000707700000|
| 120|0x0000000707800000, 0x0000000707800000, 0x0000000707900000|  0%| F|  |TS  0|AC  0|TAMS 0x0000000707800000, 0x0000000707800000|
| 121|0x0000000707900000, 0x0000000707900000, 0x0000000707a00000|  0%| F|  |TS  0|AC  0|TAMS 0x0000000707900000, 0x0000000707900000|
| 122|0x0000000707a00000, 0x0000000707a00000, 0x0000000707b00000|  0%| F|  |TS  0|AC  0|TAMS 0x0000000707a00000, 0x0000000707a00000|
| 123|0x0000000707b00000, 0x0000000707b00000, 0x0000000707c00000|  0%| F|  |TS  0|AC  0|TAMS 0x0000000707b00000, 0x0000000707b00000|
| 124|0x0000000707c00000, 0x0000000707c00000, 0x0000000707d00000|  0%| F|  |TS  0|AC  0|TAMS 0x0000000707c00000, 0x0000000707c00000|
| 125|0x0000000707d00000, 0x0000000707d00000, 0x0000000707e00000|  0%| F|  |TS  0|AC  0|TAMS 0x0000000707d00000, 0x0000000707d00000|
| 126|0x0000000707e00000, 0x0000000707e00000, 0x0000000707f00000|  0%| F|  |TS  0|AC  0|TAMS 0x0000000707e00000, 0x0000000707e00000|
| 127|0x0000000707f00000, 0x0000000707f00000, 0x0000000708000000|  0%| F|  |TS  0|AC  0|TAMS 0x0000000707f00000, 0x0000000707f00000|
| 128|0x0000000708000000, 0x0000000708000000, 0x0000000708100000|  0%| F|  |TS  0|AC  0|TAMS 0x0000000708000000, 0x0000000708000000|
| 129|0x0000000708100000, 0x0000000708100000, 0x0000000708200000|  0%| F|  |TS  0|AC  0|TAMS 0x0000000708100000, 0x0000000708100000|
| 130|0x0000000708200000, 0x0000000708200000, 0x0000000708300000|  0%| F|  |TS  0|AC  0|TAMS 0x0000000708200000, 0x0000000708200000|
| 131|0x0000000708300000, 0x0000000708300000, 0x0000000708400000|  0%| F|  |TS  0|AC  0|TAMS 0x0000000708300000, 0x0000000708300000|
| 132|0x0000000708400000, 0x0000000708400000, 0x0000000708500000|  0%| F|  |TS  0|AC  0|TAMS 0x0000000708400000, 0x0000000708400000|
| 133|0x0000000708500000, 0x0000000708500000, 0x0000000708600000|  0%| F|  |TS  0|AC  0|TAMS 0x0000000708500000, 0x0000000708500000|
| 134|0x0000000708600000, 0x0000000708600000, 0x0000000708700000|  0%| F|  |TS  0|AC  0|TAMS 0x0000000708600000, 0x0000000708600000|
| 135|0x0000000708700000, 0x0000000708700000, 0x0000000708800000|  0%| F|  |TS  0|AC  0|TAMS 0x0000000708700000, 0x0000000708700000|
| 136|0x0000000708800000, 0x0000000708800000, 0x0000000708900000|  0%| F|  |TS  0|AC  0|TAMS 0x0000000708800000, 0x0000000708800000|
| 137|0x0000000708900000, 0x0000000708900000, 0x0000000708a00000|  0%| F|  |TS  0|AC  0|TAMS 0x0000000708900000, 0x0000000708900000|
| 138|0x0000000708a00000, 0x0000000708a00000, 0x0000000708b00000|  0%| F|  |TS  0|AC  0|TAMS 0x0000000708a00000, 0x0000000708a00000|
| 139|0x0000000708b00000, 0x0000000708b00000, 0x0000000708c00000|  0%| F|  |TS  0|AC  0|TAMS 0x0000000708b00000, 0x0000000708b00000|
| 140|0x0000000708c00000, 0x0000000708c00000, 0x0000000708d00000|  0%| F|  |TS  0|AC  0|TAMS 0x0000000708c00000, 0x0000000708c00000|
| 141|0x0000000708d00000, 0x0000000708d00000, 0x0000000708e00000|  0%| F|  |TS  0|AC  0|TAMS 0x0000000708d00000, 0x0000000708d00000|
| 142|0x0000000708e00000, 0x0000000708e00000, 0x0000000708f00000|  0%| F|  |TS  0|AC  0|TAMS 0x0000000708e00000, 0x0000000708e00000|
| 143|0x0000000708f00000, 0x0000000708f00000, 0x0000000709000000|  0%| F|  |TS  0|AC  0|TAMS 0x0000000708f00000, 0x0000000708f00000|
| 144|0x0000000709000000, 0x0000000709000000, 0x0000000709100000|  0%| F|  |TS  0|AC  0|TAMS 0x0000000709000000, 0x0000000709000000|
| 145|0x0000000709100000, 0x0000000709100000, 0x0000000709200000|  0%| F|  |TS  0|AC  0|TAMS 0x0000000709100000, 0x0000000709100000|
| 146|0x0000000709200000, 0x0000000709200000, 0x0000000709300000|  0%| F|  |TS  0|AC  0|TAMS 0x0000000709200000, 0x0000000709200000|
| 147|0x0000000709300000, 0x0000000709300000, 0x0000000709400000|  0%| F|  |TS  0|AC  0|TAMS 0x0000000709300000, 0x0000000709300000|
| 148|0x0000000709400000, 0x0000000709400000, 0x0000000709500000|  0%| F|  |TS  0|AC  0|TAMS 0x0000000709400000, 0x0000000709400000|
| 149|0x0000000709500000, 0x0000000709500000, 0x0000000709600000|  0%| F|  |TS  0|AC  0|TAMS 0x0000000709500000, 0x0000000709500000|
| 150|0x0000000709600000, 0x0000000709600000, 0x0000000709700000|  0%| F|  |TS  0|AC  0|TAMS 0x0000000709600000, 0x0000000709600000|
| 151|0x0000000709700000, 0x0000000709700000, 0x0000000709800000|  0%| F|  |TS  0|AC  0|TAMS 0x0000000709700000, 0x0000000709700000|
| 152|0x0000000709800000, 0x0000000709800000, 0x0000000709900000|  0%| F|  |TS  0|AC  0|TAMS 0x0000000709800000, 0x0000000709800000|
| 153|0x0000000709900000, 0x0000000709900000, 0x0000000709a00000|  0%| F|  |TS  0|AC  0|TAMS 0x0000000709900000, 0x0000000709900000|
| 154|0x0000000709a00000, 0x0000000709a00000, 0x0000000709b00000|  0%| F|  |TS  0|AC  0|TAMS 0x0000000709a00000, 0x0000000709a00000|
| 155|0x0000000709b00000, 0x0000000709b00000, 0x0000000709c00000|  0%| F|  |TS  0|AC  0|TAMS 0x0000000709b00000, 0x0000000709b00000|
| 156|0x0000000709c00000, 0x0000000709c00000, 0x0000000709d00000|  0%| F|  |TS  0|AC  0|TAMS 0x0000000709c00000, 0x0000000709c00000|
| 157|0x0000000709d00000, 0x0000000709d00000, 0x0000000709e00000|  0%| F|  |TS  0|AC  0|TAMS 0x0000000709d00000, 0x0000000709d00000|
| 158|0x0000000709e00000, 0x0000000709e00000, 0x0000000709f00000|  0%| F|  |TS  0|AC  0|TAMS 0x0000000709e00000, 0x0000000709e00000|
| 159|0x0000000709f00000, 0x0000000709f00000, 0x000000070a000000|  0%| F|  |TS  0|AC  0|TAMS 0x0000000709f00000, 0x0000000709f00000|
| 160|0x000000070a000000, 0x000000070a000000, 0x000000070a100000|  0%| F|  |TS  0|AC  0|TAMS 0x000000070a000000, 0x000000070a000000|
| 161|0x000000070a100000, 0x000000070a100000, 0x000000070a200000|  0%| F|  |TS  0|AC  0|TAMS 0x000000070a100000, 0x000000070a100000|
| 162|0x000000070a200000, 0x000000070a2b8b30, 0x000000070a300000| 72%| S|CS|TS 19|AC  0|TAMS 0x000000070a200000, 0x000000070a200000|
| 163|0x000000070a300000, 0x000000070a300000, 0x000000070a400000|  0%| F|  |TS 19|AC  0|TAMS 0x000000070a300000, 0x000000070a300000|
| 164|0x000000070a400000, 0x000000070a500000, 0x000000070a500000|100%| S|CS|TS 19|AC  0|TAMS 0x000000070a400000, 0x000000070a400000|
| 165|0x000000070a500000, 0x000000070a500000, 0x000000070a600000|  0%| F|  |TS 19|AC  0|TAMS 0x000000070a500000, 0x000000070a500000|
| 166|0x000000070a600000, 0x000000070a600000, 0x000000070a700000|  0%| F|  |TS 19|AC  0|TAMS 0x000000070a600000, 0x000000070a600000|
| 167|0x000000070a700000, 0x000000070a700000, 0x000000070a800000|  0%| F|  |TS 19|AC  0|TAMS 0x000000070a700000, 0x000000070a700000|
| 168|0x000000070a800000, 0x000000070a800000, 0x000000070a900000|  0%| F|  |TS 19|AC  0|TAMS 0x000000070a800000, 0x000000070a800000|
| 169|0x000000070a900000, 0x000000070a900000, 0x000000070aa00000|  0%| F|  |TS 19|AC  0|TAMS 0x000000070a900000, 0x000000070a900000|
| 170|0x000000070aa00000, 0x000000070aa00000, 0x000000070ab00000|  0%| F|  |TS 19|AC  0|TAMS 0x000000070aa00000, 0x000000070aa00000|
| 171|0x000000070ab00000, 0x000000070ab00000, 0x000000070ac00000|  0%| F|  |TS 19|AC  0|TAMS 0x000000070ab00000, 0x000000070ab00000|
| 172|0x000000070ac00000, 0x000000070ac00000, 0x000000070ad00000|  0%| F|  |TS 19|AC  0|TAMS 0x000000070ac00000, 0x000000070ac00000|
| 173|0x000000070ad00000, 0x000000070ad00000, 0x000000070ae00000|  0%| F|  |TS 19|AC  0|TAMS 0x000000070ad00000, 0x000000070ad00000|
| 174|0x000000070ae00000, 0x000000070ae00000, 0x000000070af00000|  0%| F|  |TS 19|AC  0|TAMS 0x000000070ae00000, 0x000000070ae00000|
| 175|0x000000070af00000, 0x000000070af00000, 0x000000070b000000|  0%| F|  |TS 19|AC  0|TAMS 0x000000070af00000, 0x000000070af00000|
| 176|0x000000070b000000, 0x000000070b000000, 0x000000070b100000|  0%| F|  |TS 19|AC  0|TAMS 0x000000070b000000, 0x000000070b000000|
| 177|0x000000070b100000, 0x000000070b100000, 0x000000070b200000|  0%| F|  |TS 19|AC  0|TAMS 0x000000070b100000, 0x000000070b100000|
| 178|0x000000070b200000, 0x000000070b200000, 0x000000070b300000|  0%| F|  |TS 19|AC  0|TAMS 0x000000070b200000, 0x000000070b200000|
| 179|0x000000070b300000, 0x000000070b300000, 0x000000070b400000|  0%| F|  |TS 19|AC  0|TAMS 0x000000070b300000, 0x000000070b300000|
| 180|0x000000070b400000, 0x000000070b400000, 0x000000070b500000|  0%| F|  |TS 19|AC  0|TAMS 0x000000070b400000, 0x000000070b400000|
| 181|0x000000070b500000, 0x000000070b500000, 0x000000070b600000|  0%| F|  |TS 19|AC  0|TAMS 0x000000070b500000, 0x000000070b500000|
| 182|0x000000070b600000, 0x000000070b600000, 0x000000070b700000|  0%| F|  |TS 19|AC  0|TAMS 0x000000070b600000, 0x000000070b600000|
| 183|0x000000070b700000, 0x000000070b700000, 0x000000070b800000|  0%| F|  |TS 19|AC  0|TAMS 0x000000070b700000, 0x000000070b700000|
| 184|0x000000070b800000, 0x000000070b800000, 0x000000070b900000|  0%| F|  |TS 19|AC  0|TAMS 0x000000070b800000, 0x000000070b800000|
| 185|0x000000070b900000, 0x000000070b900000, 0x000000070ba00000|  0%| F|  |TS 19|AC  0|TAMS 0x000000070b900000, 0x000000070b900000|
| 186|0x000000070ba00000, 0x000000070ba00000, 0x000000070bb00000|  0%| F|  |TS 19|AC  0|TAMS 0x000000070ba00000, 0x000000070ba00000|
| 187|0x000000070bb00000, 0x000000070bb00000, 0x000000070bc00000|  0%| F|  |TS 19|AC  0|TAMS 0x000000070bb00000, 0x000000070bb00000|
| 188|0x000000070bc00000, 0x000000070bc00000, 0x000000070bd00000|  0%| F|  |TS 19|AC  0|TAMS 0x000000070bc00000, 0x000000070bc00000|
| 189|0x000000070bd00000, 0x000000070bd00000, 0x000000070be00000|  0%| F|  |TS 19|AC  0|TAMS 0x000000070bd00000, 0x000000070bd00000|
| 190|0x000000070be00000, 0x000000070be00000, 0x000000070bf00000|  0%| F|  |TS 19|AC  0|TAMS 0x000000070be00000, 0x000000070be00000|
| 191|0x000000070bf00000, 0x000000070bf00000, 0x000000070c000000|  0%| F|  |TS 19|AC  0|TAMS 0x000000070bf00000, 0x000000070bf00000|
| 192|0x000000070c000000, 0x000000070c000000, 0x000000070c100000|  0%| F|  |TS 19|AC  0|TAMS 0x000000070c000000, 0x000000070c000000|
| 193|0x000000070c100000, 0x000000070c100000, 0x000000070c200000|  0%| F|  |TS 19|AC  0|TAMS 0x000000070c100000, 0x000000070c100000|
| 194|0x000000070c200000, 0x000000070c200000, 0x000000070c300000|  0%| F|  |TS 19|AC  0|TAMS 0x000000070c200000, 0x000000070c200000|
| 195|0x000000070c300000, 0x000000070c300000, 0x000000070c400000|  0%| F|  |TS 19|AC  0|TAMS 0x000000070c300000, 0x000000070c300000|
| 196|0x000000070c400000, 0x000000070c400000, 0x000000070c500000|  0%| F|  |TS 19|AC  0|TAMS 0x000000070c400000, 0x000000070c400000|
| 197|0x000000070c500000, 0x000000070c500000, 0x000000070c600000|  0%| F|  |TS 19|AC  0|TAMS 0x000000070c500000, 0x000000070c500000|
| 198|0x000000070c600000, 0x000000070c600000, 0x000000070c700000|  0%| F|  |TS 19|AC  0|TAMS 0x000000070c600000, 0x000000070c600000|
| 199|0x000000070c700000, 0x000000070c700000, 0x000000070c800000|  0%| F|  |TS 19|AC  0|TAMS 0x000000070c700000, 0x000000070c700000|
| 200|0x000000070c800000, 0x000000070c800000, 0x000000070c900000|  0%| F|  |TS 19|AC  0|TAMS 0x000000070c800000, 0x000000070c800000|
| 201|0x000000070c900000, 0x000000070c900000, 0x000000070ca00000|  0%| F|  |TS 19|AC  0|TAMS 0x000000070c900000, 0x000000070c900000|
| 202|0x000000070ca00000, 0x000000070ca00000, 0x000000070cb00000|  0%| F|  |TS 19|AC  0|TAMS 0x000000070ca00000, 0x000000070ca00000|
| 203|0x000000070cb00000, 0x000000070cb00000, 0x000000070cc00000|  0%| F|  |TS 19|AC  0|TAMS 0x000000070cb00000, 0x000000070cb00000|
| 204|0x000000070cc00000, 0x000000070cc00000, 0x000000070cd00000|  0%| F|  |TS 19|AC  0|TAMS 0x000000070cc00000, 0x000000070cc00000|
| 205|0x000000070cd00000, 0x000000070cd00000, 0x000000070ce00000|  0%| F|  |TS 19|AC  0|TAMS 0x000000070cd00000, 0x000000070cd00000|
| 206|0x000000070ce00000, 0x000000070ce00000, 0x000000070cf00000|  0%| F|  |TS 19|AC  0|TAMS 0x000000070ce00000, 0x000000070ce00000|
| 207|0x000000070cf00000, 0x000000070cf00000, 0x000000070d000000|  0%| F|  |TS 19|AC  0|TAMS 0x000000070cf00000, 0x000000070cf00000|
| 208|0x000000070d000000, 0x000000070d000000, 0x000000070d100000|  0%| F|  |TS 19|AC  0|TAMS 0x000000070d000000, 0x000000070d000000|
| 209|0x000000070d100000, 0x000000070d100000, 0x000000070d200000|  0%| F|  |TS 19|AC  0|TAMS 0x000000070d100000, 0x000000070d100000|
| 210|0x000000070d200000, 0x000000070d200000, 0x000000070d300000|  0%| F|  |TS 19|AC  0|TAMS 0x000000070d200000, 0x000000070d200000|
| 211|0x000000070d300000, 0x000000070d300000, 0x000000070d400000|  0%| F|  |TS 19|AC  0|TAMS 0x000000070d300000, 0x000000070d300000|
| 212|0x000000070d400000, 0x000000070d400000, 0x000000070d500000|  0%| F|  |TS 19|AC  0|TAMS 0x000000070d400000, 0x000000070d400000|
| 213|0x000000070d500000, 0x000000070d500000, 0x000000070d600000|  0%| F|  |TS 19|AC  0|TAMS 0x000000070d500000, 0x000000070d500000|
| 214|0x000000070d600000, 0x000000070d600000, 0x000000070d700000|  0%| F|  |TS 19|AC  0|TAMS 0x000000070d600000, 0x000000070d600000|
| 215|0x000000070d700000, 0x000000070d7b55e8, 0x000000070d800000| 70%| E|  |TS 19|AC  0|TAMS 0x000000070d700000, 0x000000070d700000|
| 216|0x000000070d800000, 0x000000070d900000, 0x000000070d900000|100%| E|CS|TS 19|AC  0|TAMS 0x000000070d800000, 0x000000070d800000|
| 217|0x000000070d900000, 0x000000070da00000, 0x000000070da00000|100%| E|CS|TS 19|AC  0|TAMS 0x000000070d900000, 0x000000070d900000|
| 218|0x000000070da00000, 0x000000070db00000, 0x000000070db00000|100%| E|CS|TS 19|AC  0|TAMS 0x000000070da00000, 0x000000070da00000|
| 219|0x000000070db00000, 0x000000070dc00000, 0x000000070dc00000|100%| E|CS|TS 19|AC  0|TAMS 0x000000070db00000, 0x000000070db00000|
| 220|0x000000070dc00000, 0x000000070dd00000, 0x000000070dd00000|100%| E|CS|TS 19|AC  0|TAMS 0x000000070dc00000, 0x000000070dc00000|
| 221|0x000000070dd00000, 0x000000070de00000, 0x000000070de00000|100%| E|CS|TS 19|AC  0|TAMS 0x000000070dd00000, 0x000000070dd00000|
| 222|0x000000070de00000, 0x000000070df00000, 0x000000070df00000|100%| E|CS|TS 19|AC  0|TAMS 0x000000070de00000, 0x000000070de00000|
| 223|0x000000070df00000, 0x000000070e000000, 0x000000070e000000|100%| E|CS|TS 19|AC  0|TAMS 0x000000070df00000, 0x000000070df00000|

Card table byte_map: [0x000001eb39f50000,0x000001eb3a550000] byte_map_base: 0x000001eb36750000

Marking Bits (Prev, Next): (CMBitMap*) 0x000001eb205ada00, (CMBitMap*) 0x000001eb205ada38
 Prev Bits: [0x000001eb3ab50000, 0x000001eb3db50000)
 Next Bits: [0x000001eb3db50000, 0x000001eb40b50000)

Polling page: 0x000001eb16730000

CodeHeap 'non-profiled nmethods': size=120000Kb used=21044Kb max_used=22296Kb free=98955Kb
 bounds [0x000001eb32a20000, 0x000001eb33ff0000, 0x000001eb39f50000]
CodeHeap 'profiled nmethods': size=120000Kb used=38807Kb max_used=45270Kb free=81192Kb
 bounds [0x000001eb2b4f0000, 0x000001eb2e170000, 0x000001eb32a20000]
CodeHeap 'non-nmethods': size=5760Kb used=1794Kb max_used=1852Kb free=3965Kb
 bounds [0x000001eb2af50000, 0x000001eb2b1c0000, 0x000001eb2b4f0000]
 total_blobs=33102 nmethods=16965 adapters=1129
 compilation: enabled

Compilation events (10 events):
Event: 1889.864 Thread 0x000001eb20b18800 22721       4       javax.swing.Box$Filler::paintComponent (45 bytes)
Event: 1889.865 Thread 0x000001eb20b18800 nmethod 22721 0x000001eb32c7bd10 code [0x000001eb32c7bea0, 0x000001eb32c7bf58]
Event: 1892.381 Thread 0x000001eb20b19000 22722       1       java.awt.Window::isFocusCycleRoot (2 bytes)
Event: 1892.381 Thread 0x000001eb20b19000 nmethod 22722 0x000001eb32d88a10 code [0x000001eb32d88bc0, 0x000001eb32d88cd8]
Event: 1893.722 Thread 0x000001eb1f8e6000 22723       4       sun.awt.windows.WComponentPeer::getGraphics (200 bytes)
Event: 1893.742 Thread 0x000001eb1f8e6000 nmethod 22723 0x000001eb32f23e90 code [0x000001eb32f24080, 0x000001eb32f24ba8]
Event: 1893.925 Thread 0x000001eb20b17000 22724       4       ui.data.design.ab::lD (8 bytes)
Event: 1893.925 Thread 0x000001eb20b17000 nmethod 22724 0x000001eb32e51c10 code [0x000001eb32e51da0, 0x000001eb32e51e28]
Event: 1893.945 Thread 0x000001eb20b19000 22725   !   3       java.awt.Component::addNotify (435 bytes)
Event: 1893.948 Thread 0x000001eb20b19000 nmethod 22725 0x000001eb2b72c290 code [0x000001eb2b72c6a0, 0x000001eb2b72f040]

GC Heap History (10 events):
Event: 1875.222 GC heap before
{Heap before GC invocations=466 (full 247):
 garbage-first heap   total 229376K, used 129237K [0x0000000700000000, 0x0000000700100700, 0x00000007c0000000)
  region size 1024K, 60 young (61440K), 2 survivors (2048K)
 Metaspace       used 85351K, capacity 91361K, committed 91668K, reserved 1128448K
  class space    used 11409K, capacity 12449K, committed 12564K, reserved 1048576K
}
Event: 1875.226 GC heap after
{Heap after GC invocations=467 (full 247):
 garbage-first heap   total 229376K, used 69860K [0x0000000700000000, 0x0000000700100700, 0x00000007c0000000)
  region size 1024K, 2 young (2048K), 2 survivors (2048K)
 Metaspace       used 85351K, capacity 91361K, committed 91668K, reserved 1128448K
  class space    used 11409K, capacity 12449K, committed 12564K, reserved 1048576K
}
Event: 1885.339 GC heap before
{Heap before GC invocations=467 (full 247):
 garbage-first heap   total 229376K, used 129252K [0x0000000700000000, 0x0000000700100700, 0x00000007c0000000)
  region size 1024K, 60 young (61440K), 2 survivors (2048K)
 Metaspace       used 85400K, capacity 91457K, committed 91668K, reserved 1128448K
  class space    used 11419K, capacity 12481K, committed 12564K, reserved 1048576K
}
Event: 1885.344 GC heap after
{Heap after GC invocations=468 (full 247):
 garbage-first heap   total 229376K, used 69994K [0x0000000700000000, 0x0000000700100700, 0x00000007c0000000)
  region size 1024K, 2 young (2048K), 2 survivors (2048K)
 Metaspace       used 85400K, capacity 91457K, committed 91668K, reserved 1128448K
  class space    used 11419K, capacity 12481K, committed 12564K, reserved 1048576K
}
Event: 1887.756 GC heap before
{Heap before GC invocations=468 (full 247):
 garbage-first heap   total 229376K, used 129386K [0x0000000700000000, 0x0000000700100700, 0x00000007c0000000)
  region size 1024K, 60 young (61440K), 2 survivors (2048K)
 Metaspace       used 85426K, capacity 91457K, committed 91668K, reserved 1128448K
  class space    used 11419K, capacity 12481K, committed 12564K, reserved 1048576K
}
Event: 1887.759 GC heap after
{Heap after GC invocations=469 (full 247):
 garbage-first heap   total 229376K, used 70738K [0x0000000700000000, 0x0000000700100700, 0x00000007c0000000)
  region size 1024K, 2 young (2048K), 2 survivors (2048K)
 Metaspace       used 85426K, capacity 91457K, committed 91668K, reserved 1128448K
  class space    used 11419K, capacity 12481K, committed 12564K, reserved 1048576K
}
Event: 1889.570 GC heap before
{Heap before GC invocations=469 (full 247):
 garbage-first heap   total 229376K, used 130130K [0x0000000700000000, 0x0000000700100700, 0x00000007c0000000)
  region size 1024K, 60 young (61440K), 2 survivors (2048K)
 Metaspace       used 85429K, capacity 91521K, committed 91668K, reserved 1128448K
  class space    used 11419K, capacity 12481K, committed 12564K, reserved 1048576K
}
Event: 1889.574 GC heap after
{Heap after GC invocations=470 (full 247):
 garbage-first heap   total 229376K, used 70595K [0x0000000700000000, 0x0000000700100700, 0x00000007c0000000)
  region size 1024K, 2 young (2048K), 2 survivors (2048K)
 Metaspace       used 85429K, capacity 91521K, committed 91668K, reserved 1128448K
  class space    used 11419K, capacity 12481K, committed 12564K, reserved 1048576K
}
Event: 1893.922 GC heap before
{Heap before GC invocations=470 (full 247):
 garbage-first heap   total 229376K, used 129987K [0x0000000700000000, 0x0000000700100700, 0x00000007c0000000)
  region size 1024K, 60 young (61440K), 2 survivors (2048K)
 Metaspace       used 85434K, capacity 91521K, committed 91668K, reserved 1128448K
  class space    used 11419K, capacity 12481K, committed 12564K, reserved 1048576K
}
Event: 1893.925 GC heap after
{Heap after GC invocations=471 (full 247):
 garbage-first heap   total 229376K, used 70549K [0x0000000700000000, 0x0000000700100700, 0x00000007c0000000)
  region size 1024K, 2 young (2048K), 2 survivors (2048K)
 Metaspace       used 85434K, capacity 91521K, committed 91668K, reserved 1128448K
  class space    used 11419K, capacity 12481K, committed 12564K, reserved 1048576K
}

Deoptimization events (10 events):
Event: 1885.615 Thread 0x000001eb23be9000 Uncommon trap: reason=unstable_if action=reinterpret pc=0x000001eb32b1bdf4 method=java.awt.Component.getHWPeerAboveMe()Ljava/awt/peer/ComponentPeer; @ 50 c2
Event: 1885.672 Thread 0x000001eb23be9000 Uncommon trap: reason=class_check action=maybe_recompile pc=0x000001eb335b41a0 method=java.awt.Container.getMouseEventTargetImpl(IIZLjava/awt/Container$EventTargetFilter;ZZ)Ljava/awt/Component; @ 64 c2
Event: 1885.673 Thread 0x000001eb23be9000 Uncommon trap: reason=unstable_if action=reinterpret pc=0x000001eb337d7f28 method=java.awt.Container.decreaseComponentCount(Ljava/awt/Component;)V @ 58 c2
Event: 1885.675 Thread 0x000001eb23be9000 Uncommon trap: reason=class_check action=maybe_recompile pc=0x000001eb3386fc84 method=javax.swing.RepaintManager.scheduleHeavyWeightPaints()V @ 72 c2
Event: 1885.675 Thread 0x000001eb23be9000 Uncommon trap: reason=bimorphic_or_optimized_type_check action=maybe_recompile pc=0x000001eb33cb7814 method=javax.swing.RepaintManager$4.run()Ljava/lang/Void; @ 91 c2
Event: 1889.488 Thread 0x000001eb23be9000 Uncommon trap: reason=predicate action=maybe_recompile pc=0x000001eb32da0824 method=java.util.Arrays$ArrayList.indexOf(Ljava/lang/Object;)I @ 42 c2
Event: 1892.389 Thread 0x000001eb23be9000 Uncommon trap: reason=class_check action=maybe_recompile pc=0x000001eb32c5932c method=sun.awt.windows.WComponentPeer.getGraphics()Ljava/awt/Graphics; @ 13 c2
Event: 1892.430 Thread 0x000001eb23be9000 Uncommon trap: reason=class_check action=maybe_recompile pc=0x000001eb32c5932c method=sun.awt.windows.WComponentPeer.getGraphics()Ljava/awt/Graphics; @ 13 c2
Event: 1892.481 Thread 0x000001eb23be9000 Uncommon trap: reason=class_check action=maybe_recompile pc=0x000001eb32c5932c method=sun.awt.windows.WComponentPeer.getGraphics()Ljava/awt/Graphics; @ 13 c2
Event: 1892.530 Thread 0x000001eb23be9000 Uncommon trap: reason=class_check action=maybe_recompile pc=0x000001eb32c5932c method=sun.awt.windows.WComponentPeer.getGraphics()Ljava/awt/Graphics; @ 13 c2

Classes redefined (0 events):
No events

Internal exceptions (10 events):
Event: 522.624 Thread 0x000001eb23be9000 Implicit null exception at 0x000001eb332c18cd to 0x000001eb332c56ad
Event: 613.534 Thread 0x000001eb23be9000 Exception <a 'java/awt/IllegalComponentStateException'{0x000000070948a2c0}> (0x000000070948a2c0) thrown at [t:/workspace/hotspot/src/share/vm/prims/jvm.cpp, line 1314]
Event: 800.966 Thread 0x000001eb23be9000 Exception <a 'java/lang/NoSuchMethodError'{0x000000070a5039b0}: java.lang.invoke.DirectMethodHandle$Holder.invokeSpecial(Ljava/lang/Object;Ljava/lang/Object;IIILjava/lang/Object;Ljava/lang/Object;I)Ljava/lang/Object;> (0x000000070a5039b0) thrown at [t:/wo
Event: 800.967 Thread 0x000001eb23be9000 Exception <a 'java/lang/NoSuchMethodError'{0x000000070a507120}: java.lang.invoke.DelegatingMethodHandle$Holder.reinvoke_L(Ljava/lang/Object;IIILjava/lang/Object;Ljava/lang/Object;I)Ljava/lang/Object;> (0x000000070a507120) thrown at [t:/workspace/hotspot/s
Event: 946.285 Thread 0x000001eb4acb5800 Exception <a 'ui/frmwork/CommandFailedException'{0x0000000708faaaf0}> (0x0000000708faaaf0) thrown at [t:/workspace/hotspot/src/share/vm/prims/jni.cpp, line 604]
Event: 1123.928 Thread 0x000001eb4acb2800 Exception <a 'java/lang/InterruptedException'{0x000000070ad00040}: sleep interrupted> (0x000000070ad00040) thrown at [t:/workspace/hotspot/src/share/vm/prims/jvm.cpp, line 3023]
Event: 1165.129 Thread 0x000001eb23be9000 Exception <a 'java/awt/IllegalComponentStateException'{0x000000070812d530}> (0x000000070812d530) thrown at [t:/workspace/hotspot/src/share/vm/prims/jvm.cpp, line 1314]
Event: 1729.985 Thread 0x000001eb23be9000 Implicit null exception at 0x000001eb32ef7f57 to 0x000001eb32ef827d
Event: 1837.715 Thread 0x000001eb23be9000 Exception <a 'java/lang/NoSuchMethodError'{0x000000070de52ae0}: java.lang.invoke.DirectMethodHandle$Holder.invokeStatic(Ljava/lang/Object;Ljava/lang/Object;I)V> (0x000000070de52ae0) thrown at [t:/workspace/hotspot/src/share/vm/interpreter/linkResolver.cpp
Event: 1885.373 Thread 0x000001eb4acb2800 Exception <a 'java/lang/InterruptedException'{0x000000070dfe5908}: sleep interrupted> (0x000000070dfe5908) thrown at [t:/workspace/hotspot/src/share/vm/prims/jvm.cpp, line 3023]

Events (10 events):
Event: 1892.481 Thread 0x000001eb23be9000 DEOPT UNPACKING pc=0x000001eb2af9df29 sp=0x000000332a8f5c20 mode 2
Event: 1892.502 Thread 0x000001eb4acb9000 Thread added: 0x000001eb4acb9000
Event: 1892.513 Thread 0x000001eb4acb9000 Thread exited: 0x000001eb4acb9000
Event: 1892.530 Thread 0x000001eb23be9000 Uncommon trap: trap_request=0xffffffde fr.pc=0x000001eb32c5932c relative=0x00000000000008ac
Event: 1892.530 Thread 0x000001eb23be9000 DEOPT PACKING pc=0x000001eb32c5932c sp=0x000000332a8f5c80
Event: 1892.530 Thread 0x000001eb23be9000 DEOPT UNPACKING pc=0x000001eb2af9df29 sp=0x000000332a8f5c20 mode 2
Event: 1893.503 Thread 0x000001eb4acb9000 Thread added: 0x000001eb4acb9000
Event: 1893.514 Thread 0x000001eb4acb9000 Thread exited: 0x000001eb4acb9000
Event: 1893.922 Executing VM operation: G1IncCollectionPause
Event: 1893.925 Executing VM operation: G1IncCollectionPause done


Dynamic libraries:
0x00007ff6dec50000 - 0x00007ff6dec80000 	C:\Xilinx\Vivado\2019.1\bin\unwrapped\win64.o\vivado.exe
0x00007fff3a1b0000 - 0x00007fff3a3a8000 	C:\windows\SYSTEM32\ntdll.dll
0x00007fff39860000 - 0x00007fff3991d000 	C:\windows\System32\KERNEL32.DLL
0x00007fff378c0000 - 0x00007fff37b92000 	C:\windows\System32\KERNELBASE.dll
0x00007fff380e0000 - 0x00007fff381e0000 	C:\windows\System32\ucrtbase.dll
0x00007fff34060000 - 0x00007fff34074000 	C:\Xilinx\Vivado\2019.1\lib\win64.o\libboost_signals.dll
0x00007fff2b5b0000 - 0x00007fff2b5cb000 	C:\windows\SYSTEM32\VCRUNTIME140.dll
0x00007fff12b60000 - 0x00007fff12bed000 	C:\windows\SYSTEM32\MSVCP140.dll
0x00007fff2c8f0000 - 0x00007fff2c8fc000 	C:\windows\SYSTEM32\VCRUNTIME140_1.dll
0x00007fff01920000 - 0x00007fff02802000 	C:\Xilinx\Vivado\2019.1\lib\win64.o\librdi_common.dll
0x00007fff33650000 - 0x00007fff33664000 	C:\Xilinx\Vivado\2019.1\lib\win64.o\librdi_commonmain.dll
0x00007fff382e0000 - 0x00007fff3847d000 	C:\windows\System32\USER32.dll
0x00007fff07fc0000 - 0x00007fff0832e000 	C:\Xilinx\Vivado\2019.1\lib\win64.o\libCOIN-all.dll
0x00007fff37e60000 - 0x00007fff37e82000 	C:\windows\System32\win32u.dll
0x00007fff38f60000 - 0x00007fff38f8b000 	C:\windows\System32\GDI32.dll
0x00007fff33380000 - 0x00007fff333a6000 	C:\Xilinx\Vivado\2019.1\lib\win64.o\libboost_filesystem.dll
0x00007fff38db0000 - 0x00007fff38e5e000 	C:\windows\System32\ADVAPI32.dll
0x00007fff33450000 - 0x00007fff33464000 	C:\Xilinx\Vivado\2019.1\lib\win64.o\libboost_date_time.dll
0x00007fff39f40000 - 0x00007fff39fde000 	C:\windows\System32\msvcrt.dll
0x00007fff37ba0000 - 0x00007fff37caf000 	C:\windows\System32\gdi32full.dll
0x00007fff39460000 - 0x00007fff394fc000 	C:\windows\System32\sechost.dll
0x00007fff3a040000 - 0x00007fff3a165000 	C:\windows\System32\RPCRT4.dll
0x00007fff38040000 - 0x00007fff380dd000 	C:\windows\System32\msvcp_win.dll
0x00007fff385b0000 - 0x00007fff38cf3000 	C:\windows\System32\SHELL32.dll
0x00007fff1dc80000 - 0x00007fff1dcff000 	C:\Xilinx\Vivado\2019.1\lib\win64.o\libboost_program_options.dll
0x00007fff13960000 - 0x00007fff13a74000 	C:\Xilinx\Vivado\2019.1\lib\win64.o\libboost_regex.dll
0x00007fff33f70000 - 0x00007fff33f7b000 	C:\Xilinx\Vivado\2019.1\lib\win64.o\libboost_system.dll
0x00007fff33110000 - 0x00007fff33131000 	C:\Xilinx\Vivado\2019.1\lib\win64.o\libboost_thread.dll
0x00007fff33f30000 - 0x00007fff33f3f000 	C:\Xilinx\Vivado\2019.1\lib\win64.o\libboost_xilinx.dll
0x00007fff0bc20000 - 0x00007fff0bca2000 	C:\Xilinx\Vivado\2019.1\lib\win64.o\libhdlpsolve.dll
0x00007fff08a70000 - 0x00007fff08b15000 	C:\Xilinx\Vivado\2019.1\lib\win64.o\libhdxml.dll
0x00007ffeff250000 - 0x00007ffeffdff400 	C:\Xilinx\Vivado\2019.1\lib\win64.o\libisl_iostreams.dll
0x00007fff2daa0000 - 0x00007fff2dace000 	C:\Xilinx\Vivado\2019.1\lib\win64.o\libisl_sysinfo.dll
0x00007fff39920000 - 0x00007fff3998b000 	C:\windows\System32\WS2_32.dll
0x00007fff1dc10000 - 0x00007fff1dc75000 	C:\Xilinx\Vivado\2019.1\lib\win64.o\liblmx6.0.dll
0x00007fff29c70000 - 0x00007fff29c8a000 	C:\Xilinx\Vivado\2019.1\lib\win64.o\pthreadVC2.dll
0x00007fff08940000 - 0x00007fff08a61000 	C:\Xilinx\Vivado\2019.1\lib\win64.o\librdi_commonxillic.dll
0x00007fff29c40000 - 0x00007fff29c61000 	C:\Xilinx\Vivado\2019.1\lib\win64.o\librdizlib.dll
0x00007fff28480000 - 0x00007fff2849c000 	C:\Xilinx\Vivado\2019.1\lib\win64.o\librdiconfig.dll
0x000000005dfa0000 - 0x000000005e0cb000 	C:\Xilinx\Vivado\2019.1\lib\win64.o\tcl85t.dll
0x00007fff33a90000 - 0x00007fff33a9a000 	C:\Xilinx\Vivado\2019.1\lib\win64.o\librdi_commonversion.dll
0x0000000012000000 - 0x0000000012270000 	C:\Xilinx\Vivado\2019.1\lib\win64.o\xerces-c_3_1.dll
0x00007fff2aeb0000 - 0x00007fff2b389000 	C:\windows\SYSTEM32\WININET.dll
0x00007fff295f0000 - 0x00007fff29609000 	C:\windows\SYSTEM32\NETAPI32.dll
0x00007fff316d0000 - 0x00007fff318bd000 	C:\windows\SYSTEM32\urlmon.dll
0x00007fff319d0000 - 0x00007fff31add000 	C:\windows\SYSTEM32\WINHTTP.dll
0x00007fff33640000 - 0x00007fff33649000 	C:\windows\SYSTEM32\WSOCK32.dll
0x00007fff1ef90000 - 0x00007fff1efc1000 	C:\windows\SYSTEM32\VCOMP140.DLL
0x00007ffefe3b0000 - 0x00007ffeff241000 	C:\Xilinx\Vivado\2019.1\lib\win64.o\gurobi65.dll
0x00007fff33370000 - 0x00007fff3337d000 	C:\Xilinx\Vivado\2019.1\lib\win64.o\libboost_chrono.dll
0x00007fff28460000 - 0x00007fff2847b000 	C:\Xilinx\Vivado\2019.1\lib\win64.o\libboost_iostreams.dll
0x00007fff01640000 - 0x00007fff01918000 	C:\Xilinx\Vivado\2019.1\lib\win64.o\libXil_lmgr11.dll
0x00007fff231b0000 - 0x00007fff231d5000 	C:\Xilinx\Vivado\2019.1\lib\win64.o\libisl_iosutils.dll
0x00007fff39c40000 - 0x00007fff39d1a000 	C:\windows\System32\COMDLG32.dll
0x00007fff2cd90000 - 0x00007fff2d041000 	C:\windows\SYSTEM32\iertutil.dll
0x00007fff39500000 - 0x00007fff39854000 	C:\windows\System32\combase.dll
0x00007fff39b10000 - 0x00007fff39bbd000 	C:\windows\System32\shcore.dll
0x00007fff39990000 - 0x00007fff399e5000 	C:\windows\System32\SHLWAPI.dll
0x00007fff29ec0000 - 0x00007fff29ee8000 	C:\windows\SYSTEM32\srvcli.dll
0x00007fff38210000 - 0x00007fff382dd000 	C:\windows\System32\OLEAUT32.dll
0x00007fff36e80000 - 0x00007fff36e8c000 	C:\windows\SYSTEM32\netutils.dll
0x00007fff38480000 - 0x00007fff385aa000 	C:\windows\System32\ole32.dll
0x00007fff37fd0000 - 0x00007fff38039000 	C:\windows\System32\WINTRUST.dll
0x00007fff37cb0000 - 0x00007fff37e06000 	C:\windows\System32\CRYPT32.dll
0x00007fff21f70000 - 0x00007fff22020000 	C:\windows\WinSxS\amd64_microsoft.windows.common-controls_6595b64144ccf1df_5.82.19041.1110_none_792d1c772443f647\COMCTL32.dll
0x00007fff32e20000 - 0x00007fff32e3d000 	C:\windows\SYSTEM32\dhcpcsvc.DLL
0x00007fff38e70000 - 0x00007fff38ea0000 	C:\windows\System32\IMM32.DLL
0x00007fff374b0000 - 0x00007fff374c2000 	C:\windows\SYSTEM32\MSASN1.dll
0x000001eb16750000 - 0x000001eb16764000 	C:\windows\System32\umppc15908.dll
0x00007fff357a0000 - 0x00007fff357b2000 	C:\windows\SYSTEM32\kernel.appcore.dll
0x00007fff01120000 - 0x00007fff01637000 	C:\Xilinx\Vivado\2019.1\lib\win64.o\librdi_commontasks.dll
0x000000005d570000 - 0x000000005df95000 	C:\Xilinx\Vivado\2019.1\tps\win64\jre9.0.4\bin\server\jvm.dll
0x00007fff38ea0000 - 0x00007fff38ea8000 	C:\windows\System32\PSAPI.DLL
0x00007fff00e90000 - 0x00007fff01116000 	C:\Xilinx\Vivado\2019.1\lib\win64.o\librdi_sio.dll
0x00007fff31380000 - 0x00007fff3138a000 	C:\windows\SYSTEM32\VERSION.dll
0x00007fff33f80000 - 0x00007fff33fa7000 	C:\windows\SYSTEM32\WINMM.dll
0x00007fff2c770000 - 0x00007fff2c85f000 	C:\windows\SYSTEM32\MSVCR120.dll
0x00007fff36d20000 - 0x00007fff36d5b000 	C:\windows\SYSTEM32\IPHLPAPI.DLL
0x00007fff37080000 - 0x00007fff370ea000 	C:\windows\SYSTEM32\MSWSOCK.DLL
0x00007fff359a0000 - 0x00007fff36131000 	C:\windows\SYSTEM32\windows.storage.dll
0x00007fff37320000 - 0x00007fff37350000 	C:\windows\SYSTEM32\Wldp.dll
0x00007ffefa840000 - 0x00007ffefccfc000 	C:\Xilinx\Vivado\2019.1\lib\win64.o\librdi_tcltasks.dll
0x00007ffefdfa0000 - 0x00007ffefe3a8000 	C:\Xilinx\Vivado\2019.1\lib\win64.o\librdi_bitstream.dll
0x00007ffefde00000 - 0x00007ffefdf91000 	C:\Xilinx\Vivado\2019.1\lib\win64.o\librdi_board.dll
0x00007fff141b0000 - 0x00007fff14228000 	C:\Xilinx\Vivado\2019.1\lib\win64.o\librdi_boarddep.dll
0x00007fff08850000 - 0x00007fff0893b000 	C:\Xilinx\Vivado\2019.1\lib\win64.o\librdi_chipscope.dll
0x00007ffefdc40000 - 0x00007ffefddfd000 	C:\Xilinx\Vivado\2019.1\lib\win64.o\librdi_chipscopeimpl.dll
0x00007ffef8e50000 - 0x00007ffefa83a000 	C:\Xilinx\Vivado\2019.1\lib\win64.o\librdi_constraints.dll
0x00007fff07e60000 - 0x00007fff07fb6000 	C:\Xilinx\Vivado\2019.1\lib\win64.o\librdi_containers.dll
0x00007ffef6f90000 - 0x00007ffef8e41000 	C:\Xilinx\Vivado\2019.1\lib\win64.o\librdi_coregen.dll
0x00007ffefd560000 - 0x00007ffefdc3a000 	C:\Xilinx\Vivado\2019.1\lib\win64.o\librdi_coregenipxact.dll
0x00007ffece0d0000 - 0x00007ffed2113000 	C:\Xilinx\Vivado\2019.1\lib\win64.o\librdi_designutils.dll
0x00007ffe90410000 - 0x00007ffea283c000 	C:\Xilinx\Vivado\2019.1\lib\win64.o\librdi_device.dll
0x00007ffefd240000 - 0x00007ffefd55e000 	C:\Xilinx\Vivado\2019.1\lib\win64.o\librdi_dlyest.dll
0x00007ffef69f0000 - 0x00007ffef6f8a000 	C:\Xilinx\Vivado\2019.1\lib\win64.o\librdi_drc.dll
0x00007ffefd170000 - 0x00007ffefd234000 	C:\Xilinx\Vivado\2019.1\lib\win64.o\librdi_dsp.dll
0x00007ffef5510000 - 0x00007ffef5b5d000 	C:\Xilinx\Vivado\2019.1\lib\win64.o\librdi_filemgmt.dll
0x00007ffef5220000 - 0x00007ffef5503000 	C:\Xilinx\Vivado\2019.1\lib\win64.o\librdi_guitools.dll
0x00007fff1b490000 - 0x00007fff1b4f5000 	C:\Xilinx\Vivado\2019.1\lib\win64.o\librdi_hdf.dll
0x00007ffeccb10000 - 0x00007ffece0d0000 	C:\Xilinx\Vivado\2019.1\lib\win64.o\librdi_implflow.dll
0x00007ffef4c00000 - 0x00007ffef5215000 	C:\Xilinx\Vivado\2019.1\lib\win64.o\librdi_memdata.dll
0x00007fff0c030000 - 0x00007fff0c0a3000 	C:\Xilinx\Vivado\2019.1\lib\win64.o\librdi_memoryarray.dll
0x00007ffec9e20000 - 0x00007ffeccb06000 	C:\Xilinx\Vivado\2019.1\lib\win64.o\librdi_mig.dll
0x00007ffed74b0000 - 0x00007ffed7b52000 	C:\Xilinx\Vivado\2019.1\lib\win64.o\librdi_netlist.dll
0x00007fff18860000 - 0x00007fff188ab000 	C:\Xilinx\Vivado\2019.1\lib\win64.o\librdi_pfi.dll
0x00007ffec77a0000 - 0x00007ffec9e16000 	C:\Xilinx\Vivado\2019.1\lib\win64.o\librdi_place.dll
0x00007ffec7490000 - 0x00007ffec779f000 	C:\Xilinx\Vivado\2019.1\lib\win64.o\librdi_platform.dll
0x00007ffec6d40000 - 0x00007ffec748a000 	C:\Xilinx\Vivado\2019.1\lib\win64.o\librdi_power.dll
0x00007ffec67c0000 - 0x00007ffec6d3f000 	C:\Xilinx\Vivado\2019.1\lib\win64.o\librdi_project.dll
0x00007ffec60b0000 - 0x00007ffec67b9000 	C:\Xilinx\Vivado\2019.1\lib\win64.o\librdi_psta.dll
0x00007ffec59a0000 - 0x00007ffec60a6000 	C:\Xilinx\Vivado\2019.1\lib\win64.o\librdi_rsb.dll
0x00007ffec55a0000 - 0x00007ffec5991000 	C:\Xilinx\Vivado\2019.1\lib\win64.o\librdi_runs.dll
0x00007ffef68f0000 - 0x00007ffef69ea000 	C:\Xilinx\Vivado\2019.1\lib\win64.o\librdi_runsbase.dll
0x00007ffef3a60000 - 0x00007ffef3cb6000 	C:\Xilinx\Vivado\2019.1\lib\win64.o\librdi_simdata.dll
0x00007ffec4780000 - 0x00007ffec5591000 	C:\Xilinx\Vivado\2019.1\lib\win64.o\librdi_timing.dll
0x00007ffef4a80000 - 0x00007ffef4bf2000 	C:\Xilinx\Vivado\2019.1\lib\win64.o\librdi_advchipscopeimpl.dll
0x00007fff16f50000 - 0x00007fff16f9c000 	C:\Xilinx\Vivado\2019.1\lib\win64.o\libboost_serialization.dll
0x00007ffee3bb0000 - 0x00007ffee3d4f000 	C:\Xilinx\Vivado\2019.1\lib\win64.o\librdi_hip_devdesign.dll
0x00007ffef6820000 - 0x00007ffef68e2000 	C:\Xilinx\Vivado\2019.1\lib\win64.o\librdi_ipconfig_readwrite.dll
0x00007fff164c0000 - 0x00007fff16503000 	C:\Xilinx\Vivado\2019.1\lib\win64.o\librdi_noc_frameworks.dll
0x00007ffec3c30000 - 0x00007ffec4777000 	C:\Xilinx\Vivado\2019.1\lib\win64.o\libverific.dll
0x00007ffec3840000 - 0x00007ffec3c25000 	C:\Xilinx\Vivado\2019.1\lib\win64.o\librdi_hip_config.dll
0x00007ffec32f0000 - 0x00007ffec383e000 	C:\Xilinx\Vivado\2019.1\lib\win64.o\librdi_xdm.dll
0x00007ffedfb80000 - 0x00007ffedfc1e000 	C:\Xilinx\Vivado\2019.1\lib\win64.o\libise.dll
0x00007ffec2cf0000 - 0x00007ffec32ec000 	C:\Xilinx\Vivado\2019.1\lib\win64.o\librdi_wavedata.dll
0x00007fff13fc0000 - 0x00007fff14000000 	C:\Xilinx\Vivado\2019.1\lib\win64.o\librdi_wavedata_SimpleApi.dll
0x00007ffebf0f0000 - 0x00007ffec027d000 	C:\Xilinx\Vivado\2019.1\lib\win64.o\librdi_route.dll
0x00007fff13c20000 - 0x00007fff13c5f000 	C:\Xilinx\Vivado\2019.1\lib\win64.o\librdi_schedmon.dll

VM Arguments:
jvm_args: -Dsun.java2d.pmoffscreen=false -Dsun.java2d.xrender=false -Dsun.java2d.d3d=false -Dsun.awt.nopixfmt=true -Dsun.java2d.dpiaware=true -Dsun.java2d.uiScale.enabled=false -Xverify:none -Dswing.aatext=true -XX:-UsePerfData -Djdk.map.althashing.threshold=512 -XX:StringTableSize=4072 --add-opens=java.base/java.nio=ALL-UNNAMED --add-opens=java.desktop/sun.swing=ALL-UNNAMED --add-opens=java.desktop/javax.swing=ALL-UNNAMED --add-opens=java.desktop/javax.swing.tree=ALL-UNNAMED --add-opens=java.desktop/javax.swing.plaf.basic=ALL-UNNAMED --add-opens=java.desktop/javax.swing.plaf.synth=ALL-UNNAMED --add-opens=java.desktop/com.sun.awt=ALL-UNNAMED -XX:NewSize=60m -XX:MaxNewSize=60m -Xms128m -Xmx3072m -Xss5m 
java_command: <unknown>
java_class_path (initial): C:/Xilinx/Vivado/2019.1\lib\classes\alloy.jar;C:/Xilinx/Vivado/2019.1\lib\classes\autopilot.scelaborator.jar;C:/Xilinx/Vivado/2019.1\lib\classes\autopilot.sourceprocessor.jar;C:/Xilinx/Vivado/2019.1\lib\classes\autopilot.tbprocessor.jar;C:/Xilinx/Vivado/2019.1\lib\classes\batik-anim.jar;C:/Xilinx/Vivado/2019.1\lib\classes\batik-awt-util.jar;C:/Xilinx/Vivado/2019.1\lib\classes\batik-bridge.jar;C:/Xilinx/Vivado/2019.1\lib\classes\batik-codec.jar;C:/Xilinx/Vivado/2019.1\lib\classes\batik-css.jar;C:/Xilinx/Vivado/2019.1\lib\classes\batik-dom.jar;C:/Xilinx/Vivado/2019.1\lib\classes\batik-ext.jar;C:/Xilinx/Vivado/2019.1\lib\classes\batik-gui-util.jar;C:/Xilinx/Vivado/2019.1\lib\classes\batik-gvt.jar;C:/Xilinx/Vivado/2019.1\lib\classes\batik-parser.jar;C:/Xilinx/Vivado/2019.1\lib\classes\batik-script.jar;C:/Xilinx/Vivado/2019.1\lib\classes\batik-svg-dom.jar;C:/Xilinx/Vivado/2019.1\lib\classes\batik-swing.jar;C:/Xilinx/Vivado/2019.1\lib\classes\batik-transcoder.jar;C:/Xilinx/Vivado/2019.1\lib\classes\batik-util.jar;C:/Xilinx/Vivado/2019.1\lib\classes\batik-xml.jar;C:/Xilinx/Vivado/2019.1\lib\classes\com.google.gson_2.7.0.v20170129-0911.jar;C:/Xilinx/Vivado/2019.1\lib\classes\com.google.guava_21.0.0.v20170206-1425.jar;C:/Xilinx/Vivado/2019.1\lib\classes\com.google.inject_3.0.0.v201605172100.jar;C:/Xilinx/Vivado/2019.1\lib\classes\com.ibm.icu_4.4.2.v20110208.jar;C:/Xilinx/Vivado/2019.1\lib\classes\com.sigasi.hdt.annotations.runtime_4.3.0.201903071210.jar;C:/Xilinx/Vivado/2019.1\lib\classes\com.sigasi.hdt.blockdiagram.model_4.3.0.201903071210.jar;C:/Xilinx/Vivado/2019.1\lib\classes\com.sigasi.hdt.connection_4.3.0.201903071210.jar;C:/Xilinx/Vivado/2019.1\lib\classes\com.sigasi.hdt.dependencies.model_4.3.0.201903071210.jar;C:/Xilinx/Vivado/2019.1\lib\classes\com.sigasi.hdt.epl_4.3.0.201903071210.jar;C:/Xilinx/Vivado/2019.1\lib\classes\com.sigasi.hdt.graphics.model_4.3.0.201903071210.jar;C:/Xilinx/Vivado/2019.1\lib\classes\com.sigasi.hdt.project_4.3.0
Launcher Type: generic

Logging:
Log output configuration:
#0: stdout all=warning uptime,level,tags
#1: stderr all=off uptime,level,tags

Environment Variables:
JAVA_HOME=C:\Program Files\Android\Jdk\microsoft_dist_openjdk_1.8.0.25
PATH=C:/Xilinx/Vivado/2019.1/bin;C:/Xilinx/Vivado/2019.1/lib/win64.o;C:/Xilinx/Vivado/2019.1/tps/win64/jre9.0.4/bin/server;C:/Xilinx/Vivado/2019.1/tps/win64/jre9.0.4/bin;C:/Xilinx/SDK/2019.1/bin;C:/Xilinx/Vivado/2019.1/ids_lite/ISE/bin/nt64;C:/Xilinx/Vivado/2019.1/ids_lite/ISE/lib/nt64;C:\ProgramData\Oracle\Java\javapath;C:\windows\system32;C:\windows;C:\windows\System32\Wbem;C:\windows\System32\WindowsPowerShell\v1.0\;C:\windows\System32\OpenSSH\;C:\Program Files\dotnet\;C:\Program Files\Microsoft SQL Server\130\Tools\Binn\;C:\Program Files\Microsoft SQL Server\Client SDK\ODBC\170\Tools\Binn\;C:\Program Files (x86)\Pico Technology\PicoScope6\;C:\Program Files (x86)\dotnet\;C:\Users\cnaught1\AppData\Local\Microsoft\WindowsApps;C:\Users\cnaught1\AppData\Local\GitHubDesktop\bin;C:/Xilinx/Vivado/2019.1\tps\mingw\6.2.0\win64.o\nt\bin;C:/Xilinx/Vivado/2019.1\tps\mingw\6.2.0\win64.o\nt\libexec\gcc\x86_64-w64-mingw32\6.2.0;C:/Xilinx/Vivado/2019.1\tps\win64\python-2.7.5;C:/Xilinx/Vivado/2019.1\tps\win64\python-2.7.5\lib;C:/Xilinx/Vivado/2019.1\tps\win64\python-2.7.5\Lib\lib-tk;C:/Xilinx/Vivado/2019.1\tps\win64\python-2.7.5\lib\site-packages
USERNAME=cnaught1
OS=Windows_NT
PROCESSOR_IDENTIFIER=Intel64 Family 6 Model 85 Stepping 4, GenuineIntel



---------------  S Y S T E M  ---------------

OS: Windows 10 , 64 bit Build 19041 (10.0.19041.1889)

CPU:total 12 (initial active 12) (6 cores per cpu, 2 threads per core) family 6 model 85 stepping 4, cmov, cx8, fxsr, mmx, sse, sse2, sse3, ssse3, sse4.1, sse4.2, popcnt, avx, avx2, aes, clmul, erms, rtm, 3dnowpref, lzcnt, ht, tsc, tscinvbit, bmi1, bmi2, adx, fma

Memory: 4k page, physical 16497996k(8738724k free), swap 18988364k(9507480k free)

vm_info: Java HotSpot(TM) 64-Bit Server VM (9.0.4+11) for windows-amd64 JRE (9.0.4+11), built on Dec 20 2017 02:18:54 by "mach5one" with MS VC++ 12.0 (VS2013)

END.
