#-----------------------------------------------------------
# Vivado v2019.1 (64-bit)
# SW Build 2552052 on Fri May 24 14:49:42 MDT 2019
# IP Build 2548770 on Fri May 24 18:01:18 MDT 2019
# Start of session at: Mon Oct 24 17:02:16 2022
# Process ID: 4656
# Current directory: X:/EC551/Labs/Lab1/lab_1
# Command line: vivado.exe -gui_launcher_event rodinguilauncherevent9184 X:\EC551\Labs\Lab1\lab_1\lab_1.xpr
# Log file: X:/EC551/Labs/Lab1/lab_1/vivado.log
# Journal file: X:/EC551/Labs/Lab1/lab_1\vivado.jou
#-----------------------------------------------------------
start_gui
open_project X:/EC551/Labs/Lab1/lab_1/lab_1.xpr
INFO: [Project 1-313] Project file moved from '/ad/eng/users/w/k/wkrska/Documents/EC551/EC551_Labs/lab_1' since last save.
Scanning sources...
Finished scanning sources
INFO: [IP_Flow 19-234] Refreshing IP repositories
INFO: [IP_Flow 19-1704] No user IP repositories specified
INFO: [IP_Flow 19-2313] Loaded Vivado IP repository 'C:/Xilinx/Vivado/2019.1/data/ip'.
open_project: Time (s): cpu = 00:00:13 ; elapsed = 00:00:14 . Memory (MB): peak = 831.043 ; gain = 156.637
update_compile_order -fileset sources_1
launch_simulation
INFO: [Vivado 12-5682] Launching behavioral simulation in 'X:/EC551/Labs/Lab1/lab_1/lab_1.sim/sim_1/behav/xsim'
INFO: [SIM-utils-51] Simulation object is 'sim_1'
INFO: [SIM-utils-54] Inspecting design source files for 't_top' in fileset 'sim_1'...
INFO: [USF-XSim-97] Finding global include files...
INFO: [USF-XSim-98] Fetching design files from 'sim_1'...
INFO: [USF-XSim-2] XSim::Compile design
INFO: [USF-XSim-61] Executing 'COMPILE and ANALYZE' step in 'X:/EC551/Labs/Lab1/lab_1/lab_1.sim/sim_1/behav/xsim'
"xvlog --incr --relax -prj t_top_vlog.prj"
INFO: [VRFC 10-2263] Analyzing Verilog file "X:/EC551/Labs/Lab1/lab_1/lab_1.srcs/sources_1/imports/ALU.v" into library xil_defaultlib
INFO: [VRFC 10-311] analyzing module ALU
INFO: [VRFC 10-2263] Analyzing Verilog file "X:/EC551/Labs/Lab1/lab_1/lab_1.srcs/sources_1/imports/Decoder.v" into library xil_defaultlib
INFO: [VRFC 10-311] analyzing module Decoder
INFO: [VRFC 10-2263] Analyzing Verilog file "X:/EC551/Labs/Lab1/lab_1/lab_1.srcs/sources_1/imports/Fetch_unit.v" into library xil_defaultlib
INFO: [VRFC 10-311] analyzing module Fetch_unit
INFO: [VRFC 10-2263] Analyzing Verilog file "X:/EC551/Labs/Lab1/lab_1/lab_1.srcs/sources_1/imports/Register_file.v" into library xil_defaultlib
INFO: [VRFC 10-311] analyzing module Register_file
INFO: [VRFC 10-2263] Analyzing Verilog file "X:/EC551/Labs/Lab1/lab_1/lab_1.srcs/sources_1/imports/btn_edge.v" into library xil_defaultlib
INFO: [VRFC 10-311] analyzing module btn_edge
INFO: [VRFC 10-2263] Analyzing Verilog file "X:/EC551/Labs/Lab1/lab_1/lab_1.srcs/sources_1/imports/datapath.v" into library xil_defaultlib
INFO: [VRFC 10-311] analyzing module datapath
INFO: [VRFC 10-2263] Analyzing Verilog file "X:/EC551/Labs/Lab1/lab_1/lab_1.srcs/sources_1/imports/debounce.v" into library xil_defaultlib
INFO: [VRFC 10-311] analyzing module debounce
INFO: [VRFC 10-311] analyzing module clock_div
INFO: [VRFC 10-311] analyzing module my_dff
INFO: [VRFC 10-2263] Analyzing Verilog file "X:/EC551/Labs/Lab1/lab_1/lab_1.srcs/sources_1/new/inst_ROM.v" into library xil_defaultlib
INFO: [VRFC 10-311] analyzing module inst_ROM
WARNING: [VRFC 10-3380] identifier 'jmp_addr' is used before its declaration [X:/EC551/Labs/Lab1/lab_1/lab_1.srcs/sources_1/new/inst_ROM.v:68]
INFO: [VRFC 10-2263] Analyzing Verilog file "X:/EC551/Labs/Lab1/lab_1/lab_1.srcs/sources_1/imports/memory.v" into library xil_defaultlib
INFO: [VRFC 10-311] analyzing module memory
INFO: [VRFC 10-2263] Analyzing Verilog file "X:/EC551/Labs/Lab1/lab_1/lab_1.srcs/sources_1/imports/reg_param.v" into library xil_defaultlib
INFO: [VRFC 10-311] analyzing module reg_param
INFO: [VRFC 10-2263] Analyzing Verilog file "X:/EC551/Labs/Lab1/lab_1/lab_1.srcs/sources_1/new/top.v" into library xil_defaultlib
INFO: [VRFC 10-311] analyzing module top
INFO: [VRFC 10-2263] Analyzing Verilog file "X:/EC551/Labs/Lab1/lab_1/lab_1.srcs/sources_1/imports/vga.v" into library xil_defaultlib
INFO: [VRFC 10-311] analyzing module vga_controller_640_60
INFO: [VRFC 10-311] analyzing module reduced_font_rom
INFO: [VRFC 10-311] analyzing module top_VGA
INFO: [VRFC 10-2263] Analyzing Verilog file "X:/EC551/Labs/Lab1/lab_1/lab_1.srcs/sim_1/new/t_top.v" into library xil_defaultlib
INFO: [VRFC 10-311] analyzing module t_top
INFO: [VRFC 10-2263] Analyzing Verilog file "X:/EC551/Labs/Lab1/lab_1/lab_1.sim/sim_1/behav/xsim/glbl.v" into library xil_defaultlib
INFO: [VRFC 10-311] analyzing module glbl
INFO: [USF-XSim-69] 'compile' step finished in '3' seconds
INFO: [USF-XSim-3] XSim::Elaborate design
INFO: [USF-XSim-61] Executing 'ELABORATE' step in 'X:/EC551/Labs/Lab1/lab_1/lab_1.sim/sim_1/behav/xsim'
"xelab -wto 939031e321024f558539e0104ed568b1 --incr --debug typical --relax --mt 2 -L xil_defaultlib -L unisims_ver -L unimacro_ver -L secureip --snapshot t_top_behav xil_defaultlib.t_top xil_defaultlib.glbl -log elaborate.log"
Vivado Simulator 2019.1
Copyright 1986-1999, 2001-2019 Xilinx, Inc. All Rights Reserved.
Running: C:/Xilinx/Vivado/2019.1/bin/unwrapped/win64.o/xelab.exe -wto 939031e321024f558539e0104ed568b1 --incr --debug typical --relax --mt 2 -L xil_defaultlib -L unisims_ver -L unimacro_ver -L secureip --snapshot t_top_behav xil_defaultlib.t_top xil_defaultlib.glbl -log elaborate.log 
Using 2 slave threads.
Starting static elaboration
WARNING: [VRFC 10-3091] actual bit length 16 differs from formal bit length 12 for port 'imm_in' [X:/EC551/Labs/Lab1/lab_1/lab_1.srcs/sources_1/imports/datapath.v:104]
WARNING: [VRFC 10-3091] actual bit length 4 differs from formal bit length 6 for port 'op' [X:/EC551/Labs/Lab1/lab_1/lab_1.srcs/sources_1/imports/datapath.v:126]
WARNING: [VRFC 10-3091] actual bit length 16 differs from formal bit length 12 for port 'raddr_i' [X:/EC551/Labs/Lab1/lab_1/lab_1.srcs/sources_1/imports/datapath.v:154]
WARNING: [VRFC 10-3091] actual bit length 16 differs from formal bit length 12 for port 'raddr_d' [X:/EC551/Labs/Lab1/lab_1/lab_1.srcs/sources_1/imports/datapath.v:155]
WARNING: [VRFC 10-3091] actual bit length 16 differs from formal bit length 12 for port 'waddr' [X:/EC551/Labs/Lab1/lab_1/lab_1.srcs/sources_1/imports/datapath.v:156]
WARNING: [VRFC 10-3091] actual bit length 76 differs from formal bit length 88 for port 'din' [X:/EC551/Labs/Lab1/lab_1/lab_1.srcs/sources_1/imports/datapath.v:166]
WARNING: [VRFC 10-3091] actual bit length 76 differs from formal bit length 88 for port 'dout' [X:/EC551/Labs/Lab1/lab_1/lab_1.srcs/sources_1/imports/datapath.v:167]
Completed static elaboration
Starting simulation data flow analysis
Completed simulation data flow analysis
Time Resolution for simulation is 1ps
Compiling module xil_defaultlib.clock_div
Compiling module xil_defaultlib.my_dff
Compiling module xil_defaultlib.debounce
Compiling module xil_defaultlib.btn_edge
Compiling module xil_defaultlib.Fetch_unit
Compiling module xil_defaultlib.reg_param(SIZE=16)
Compiling module xil_defaultlib.Decoder
Compiling module xil_defaultlib.Register_file
Compiling module xil_defaultlib.memory
Compiling module xil_defaultlib.reg_param(SIZE=88)
Compiling module xil_defaultlib.ALU
Compiling module xil_defaultlib.reg_param(SIZE=49)
Compiling module xil_defaultlib.datapath
Compiling module xil_defaultlib.inst_ROM
Compiling module xil_defaultlib.vga_controller_640_60
Compiling module xil_defaultlib.reduced_font_rom
Compiling module xil_defaultlib.top_VGA
Compiling module xil_defaultlib.top
Compiling module xil_defaultlib.t_top
Compiling module xil_defaultlib.glbl
Built simulation snapshot t_top_behav

****** Webtalk v2019.1 (64-bit)
  **** SW Build 2552052 on Fri May 24 14:49:42 MDT 2019
  **** IP Build 2548770 on Fri May 24 18:01:18 MDT 2019
    ** Copyright 1986-2019 Xilinx, Inc. All Rights Reserved.

source X:/EC551/Labs/Lab1/lab_1/lab_1.sim/sim_1/behav/xsim/xsim.dir/t_top_behav/webtalk/xsim_webtalk.tcl -notrace
INFO: [Common 17-206] Exiting Webtalk at Mon Oct 24 17:41:18 2022...
run_program: Time (s): cpu = 00:00:00 ; elapsed = 00:00:09 . Memory (MB): peak = 845.398 ; gain = 0.000
INFO: [USF-XSim-69] 'elaborate' step finished in '9' seconds
INFO: [USF-XSim-4] XSim::Simulate design
INFO: [USF-XSim-61] Executing 'SIMULATE' step in 'X:/EC551/Labs/Lab1/lab_1/lab_1.sim/sim_1/behav/xsim'
INFO: [USF-XSim-98] *** Running xsim
   with args "t_top_behav -key {Behavioral:sim_1:Functional:t_top} -tclbatch {t_top.tcl} -log {simulate.log}"
INFO: [USF-XSim-8] Loading simulator feature
Vivado Simulator 2019.1
Time resolution is 1 ps
source t_top.tcl
# set curr_wave [current_wave_config]
# if { [string length $curr_wave] == 0 } {
#   if { [llength [get_objects]] > 0} {
#     add_wave /
#     set_property needs_save false [current_wave_config]
#   } else {
#      send_msg_id Add_Wave-1 WARNING "No top level signals found. Simulator will start without a wave window. If you want to open a wave window go to 'File->New Waveform Configuration' or type 'create_wave_config' in the TCL console."
#   }
# }
# run 1000ms
$finish called at time : 311 ns : File "X:/EC551/Labs/Lab1/lab_1/lab_1.srcs/sim_1/new/t_top.v" Line 62
INFO: [USF-XSim-96] XSim completed. Design snapshot 't_top_behav' loaded.
INFO: [USF-XSim-97] XSim simulation ran for 1000ms
launch_simulation: Time (s): cpu = 00:00:11 ; elapsed = 00:00:19 . Memory (MB): peak = 888.246 ; gain = 42.848
run 100 ms
run: Time (s): cpu = 00:00:12 ; elapsed = 00:00:16 . Memory (MB): peak = 888.246 ; gain = 0.000
restart
INFO: [Simtcl 6-17] Simulation restarted
restart: Time (s): cpu = 00:00:10 ; elapsed = 00:00:11 . Memory (MB): peak = 888.754 ; gain = 0.508
run 100 ms
$finish called at time : 311 ns : File "X:/EC551/Labs/Lab1/lab_1/lab_1.srcs/sim_1/new/t_top.v" Line 62
run 100 ms
run: Time (s): cpu = 00:00:17 ; elapsed = 00:00:18 . Memory (MB): peak = 902.934 ; gain = 0.000
restart
INFO: [Simtcl 6-17] Simulation restarted
restart: Time (s): cpu = 00:00:14 ; elapsed = 00:00:14 . Memory (MB): peak = 958.242 ; gain = 0.000
run 100 ms
$finish called at time : 311 ns : File "X:/EC551/Labs/Lab1/lab_1/lab_1.srcs/sim_1/new/t_top.v" Line 62
run 100 ms
run: Time (s): cpu = 00:00:53 ; elapsed = 00:00:35 . Memory (MB): peak = 958.242 ; gain = 0.000
restart
INFO: [Simtcl 6-17] Simulation restarted
restart: Time (s): cpu = 00:00:13 ; elapsed = 00:00:14 . Memory (MB): peak = 958.242 ; gain = 0.000
run 100 ms
$finish called at time : 311 ns : File "X:/EC551/Labs/Lab1/lab_1/lab_1.srcs/sim_1/new/t_top.v" Line 62
close_sim
INFO: [Simtcl 6-16] Simulation closed
exit
INFO: [Common 17-206] Exiting Vivado at Mon Oct 24 18:08:38 2022...
