#-----------------------------------------------------------
# Vivado v2019.1 (64-bit)
# SW Build 2552052 on Fri May 24 14:49:42 MDT 2019
# IP Build 2548770 on Fri May 24 18:01:18 MDT 2019
# Start of session at: Wed Nov  9 16:47:30 2022
# Process ID: 18484
# Current directory: X:/EC551/Labs/Lab2_new/EC551_Labs/Lab2/UART Demo/UART_Demo
# Command line: vivado.exe -gui_launcher_event rodinguilauncherevent5908 X:\EC551\Labs\Lab2_new\EC551_Labs\Lab2\UART Demo\UART_Demo\UART_Demo.xpr
# Log file: X:/EC551/Labs/Lab2_new/EC551_Labs/Lab2/UART Demo/UART_Demo/vivado.log
# Journal file: X:/EC551/Labs/Lab2_new/EC551_Labs/Lab2/UART Demo/UART_Demo\vivado.jou
#-----------------------------------------------------------
start_gui
open_project {X:/EC551/Labs/Lab2_new/EC551_Labs/Lab2/UART Demo/UART_Demo/UART_Demo.xpr}
INFO: [Project 1-313] Project file moved from 'X:/EC551/Labs/Lab1/Final Copy/EC551_Labs/Lab2/UART Demo/UART_Demo' since last save.
Scanning sources...
Finished scanning sources
WARNING: [filemgmt 56-3] IP Repository Path: Could not find the directory 'D:/WorkBORI/gpio/Nexys-A7/hw/repo'.
INFO: [filemgmt 56-1] IPUserFilesDir: Directory not found as 'X:/EC551/Labs/Lab2_new/EC551_Labs/Lab2/UART Demo/UART_Demo/UART_Demo.ip_user_files'; using path 'X:/EC551/Labs/Lab1/Final Copy/EC551_Labs/Lab2/UART Demo/UART_Demo/UART_Demo.ip_user_files' instead.
INFO: [IP_Flow 19-234] Refreshing IP repositories
WARNING: [IP_Flow 19-2248] Failed to load user IP repository 'd:/WorkBORI/gpio/Nexys-A7/hw/repo'; Can't find the specified path.
If this directory should no longer be in your list of user repositories, go to the IP Settings dialog and remove it.
INFO: [IP_Flow 19-2313] Loaded Vivado IP repository 'C:/Xilinx/Vivado/2019.1/data/ip'.
open_project: Time (s): cpu = 00:00:14 ; elapsed = 00:00:09 . Memory (MB): peak = 821.902 ; gain = 144.102
update_compile_order -fileset sources_1
exit
INFO: [Common 17-206] Exiting Vivado at Wed Nov  9 19:01:54 2022...
