Copyright 1986-2019 Xilinx, Inc. All Rights Reserved.
------------------------------------------------------------------------------------------------------------------------------------
| Tool Version : Vivado v.2019.1 (win64) Build 2552052 Fri May 24 14:49:42 MDT 2019
| Date         : Tue Nov 29 01:42:43 2022
| Host         : ECE-PHO115-02 running 64-bit major release  (build 9200)
| Command      : report_drc -file term_interf_top_drc_opted.rpt -pb term_interf_top_drc_opted.pb -rpx term_interf_top_drc_opted.rpx
| Design       : term_interf_top
| Device       : xc7a100tcsg324-1
| Speed File   : -1
| Design State : Synthesized
------------------------------------------------------------------------------------------------------------------------------------

Report DRC

Table of Contents
-----------------
1. REPORT SUMMARY
2. REPORT DETAILS

1. REPORT SUMMARY
-----------------
            Netlist: netlist
          Floorplan: design_1
      Design limits: <entire design considered>
           Ruledeck: default
             Max violations: <unlimited>
             Violations found: 2
+-------------+----------+-------------------------------------------------------------+------------+
| Rule        | Severity | Description                                                 | Violations |
+-------------+----------+-------------------------------------------------------------+------------+
| CFGBVS-1    | Warning  | Missing CFGBVS and CONFIG_VOLTAGE Design Properties         | 1          |
| PLHOLDVIO-2 | Warning  | Non-Optimal connections which could lead to hold violations | 1          |
+-------------+----------+-------------------------------------------------------------+------------+

2. REPORT DETAILS
-----------------
CFGBVS-1#1 Warning
Missing CFGBVS and CONFIG_VOLTAGE Design Properties  
Neither the CFGBVS nor CONFIG_VOLTAGE voltage property is set in the current_design.  Configuration bank voltage select (CFGBVS) must be set to VCCO or GND, and CONFIG_VOLTAGE must be set to the correct configuration voltage, in order to determine the I/O voltage support for the pins in bank 0.  It is suggested to specify these either using the 'Edit Device Properties' function in the GUI or directly in the XDC file using the following syntax:

 set_property CFGBVS value1 [current_design]
 #where value1 is either VCCO or GND

 set_property CONFIG_VOLTAGE value2 [current_design]
 #where value2 is the voltage provided to configuration bank 0

Refer to the device configuration user guide for more information.
Related violations: <none>

PLHOLDVIO-2#1 Warning
Non-Optimal connections which could lead to hold violations  
A LUT cs/fifo/buf_mem_reg_i_2 is driving clock pin of 16 cells. This could lead to large hold time violations. Involved cells are:
uart_txs_cnt_reg[0], uart_txs_cnt_reg[10], uart_txs_cnt_reg[11], uart_txs_cnt_reg[12], uart_txs_cnt_reg[13], uart_txs_cnt_reg[14], uart_txs_cnt_reg[15], uart_txs_cnt_reg[1], uart_txs_cnt_reg[2], uart_txs_cnt_reg[3], uart_txs_cnt_reg[4], uart_txs_cnt_reg[5], uart_txs_cnt_reg[6], uart_txs_cnt_reg[7], uart_txs_cnt_reg[8] (the first 15 of 16 listed)
Related violations: <none>


