Copyright 1986-2022 Xilinx, Inc. All Rights Reserved.
------------------------------------------------------------------------------------
| Tool Version : Vivado v.2022.1 (win64) Build 3526262 Mon Apr 18 15:48:16 MDT 2022
| Date         : Wed Jul 27 14:39:30 2022
| Host         : sim-ro running 64-bit major release  (build 9200)
| Command      : report_control_sets -verbose -file top_control_sets_placed.rpt
| Design       : top
| Device       : xc7a100t
------------------------------------------------------------------------------------

Control Set Information

Table of Contents
-----------------
1. Summary
2. Histogram
3. Flip-Flop Distribution
4. Detailed Control Set Information

1. Summary
----------

+----------------------------------------------------------+-------+
|                          Status                          | Count |
+----------------------------------------------------------+-------+
| Total control sets                                       |    10 |
|    Minimum number of control sets                        |    10 |
|    Addition due to synthesis replication                 |     0 |
|    Addition due to physical synthesis replication        |     0 |
| Unused register locations in slices containing registers |    55 |
+----------------------------------------------------------+-------+
* Control sets can be merged at opt_design using control_set_merge or merge_equivalent_drivers
** Run report_qor_suggestions for automated merging and remapping suggestions


2. Histogram
------------

+--------------------+-------+
|       Fanout       | Count |
+--------------------+-------+
| Total control sets |    10 |
| >= 0 to < 4        |     5 |
| >= 4 to < 6        |     2 |
| >= 6 to < 8        |     0 |
| >= 8 to < 10       |     1 |
| >= 10 to < 12      |     0 |
| >= 12 to < 14      |     0 |
| >= 14 to < 16      |     0 |
| >= 16              |     2 |
+--------------------+-------+
* Control sets can be remapped at either synth_design or opt_design


3. Flip-Flop Distribution
-------------------------

+--------------+-----------------------+------------------------+-----------------+--------------+
| Clock Enable | Synchronous Set/Reset | Asynchronous Set/Reset | Total Registers | Total Slices |
+--------------+-----------------------+------------------------+-----------------+--------------+
| No           | No                    | No                     |              36 |           13 |
| No           | No                    | Yes                    |               0 |            0 |
| No           | Yes                   | No                     |               0 |            0 |
| Yes          | No                    | No                     |              36 |           11 |
| Yes          | No                    | Yes                    |               0 |            0 |
| Yes          | Yes                   | No                     |               9 |            3 |
+--------------+-----------------------+------------------------+-----------------+--------------+


4. Detailed Control Set Information
-----------------------------------

+-----------------------+-----------------------------------+-------------------------------+------------------+----------------+--------------+
|      Clock Signal     |           Enable Signal           |        Set/Reset Signal       | Slice Load Count | Bel Load Count | Bels / Slice |
+-----------------------+-----------------------------------+-------------------------------+------------------+----------------+--------------+
|  CLK50MHZ             | keyboard/debounce/Iv1_i_1_n_0     |                               |                1 |              1 |         1.00 |
|  CLK50MHZ             | keyboard/debounce/O01_out         |                               |                1 |              1 |         1.00 |
|  CLK50MHZ             | keyboard/debounce/clear           |                               |                1 |              1 |         1.00 |
|  CLK50MHZ             | keyboard/debounce/O10_out         |                               |                1 |              1 |         1.00 |
|  CLK50MHZ             |                                   |                               |                1 |              2 |         2.00 |
| ~keyboard/debounce/O0 | keyboard/cnt                      | keyboard/cnt[3]_i_1_n_0       |                1 |              4 |         4.00 |
|  CLK50MHZ             | keyboard/debounce/cnt1[4]_i_1_n_0 | keyboard/debounce/Iv1_i_1_n_0 |                2 |              5 |         2.50 |
| ~keyboard/debounce/O0 |                                   |                               |                3 |              9 |         3.00 |
|  CLK100MHZ_IBUF_BUFG  |                                   |                               |                9 |             25 |         2.78 |
|  flag_BUFG            | keyboard/keycode[31]_i_1_n_0      |                               |                7 |             32 |         4.57 |
+-----------------------+-----------------------------------+-------------------------------+------------------+----------------+--------------+


